This file contains any messages produced by compilers while
running configure, to aid debugging if configure makes a mistake.

It was created by configure, which was
generated by GNU Autoconf 2.69.  Invocation command line was

  $ auto/configure --with-features=huge --enable-luainterp=yes --enable-pythoninterp=yes --srcdir=. --cache-file=auto/config.cache

## --------- ##
## Platform. ##
## --------- ##

hostname = localhost
uname -m = x86_64
uname -r = 3.17.6-1-ARCH
uname -s = Linux
uname -v = #1 SMP PREEMPT Sun Dec 7 23:43:32 UTC 2014

/usr/bin/uname -p = unknown
/bin/uname -X     = unknown

/bin/arch              = unknown
/usr/bin/arch -k       = unknown
/usr/convex/getsysinfo = unknown
/usr/bin/hostinfo      = unknown
/bin/machine           = unknown
/usr/bin/oslevel       = unknown
/bin/universe          = unknown

PATH: /home/jake/GNUstep/Tools
PATH: /usr/local/sbin
PATH: /usr/local/bin
PATH: /usr/bin
PATH: /usr/lib/jvm/default/bin
PATH: /usr/bin/site_perl
PATH: /usr/bin/vendor_perl
PATH: /usr/bin/core_perl
PATH: /home/jake/dotfiles/scripts
PATH: /home/jake/.config/bspwm/panel
PATH: /home/jake/.config/bspwm/bar
PATH: /home/jake/.gem/ruby/2.1.0/bin
PATH: /home/jake/source/depot_tools/src/out/Release
PATH: /home/jake/.npm/bin
PATH: /home/jake/.go/bin
PATH: /home/jake/source/templates/bin


## ----------- ##
## Core tests. ##
## ----------- ##

configure:2519: loading cache auto/config.cache
configure:2605: checking whether make sets $(MAKE)
configure:2627: result: yes
configure:2685: checking for gcc
configure:2712: result: gcc
configure:2941: checking for C compiler version
configure:2950: gcc --version >&5
gcc (GCC) 4.9.2 20141224 (prerelease)
Copyright (C) 2014 Free Software Foundation, Inc.
This is free software; see the source for copying conditions.  There is NO
warranty; not even for MERCHANTABILITY or FITNESS FOR A PARTICULAR PURPOSE.

configure:2961: $? = 0
configure:2950: gcc -v >&5
Using built-in specs.
COLLECT_GCC=gcc
COLLECT_LTO_WRAPPER=/usr/lib/gcc/x86_64-unknown-linux-gnu/4.9.2/lto-wrapper
Target: x86_64-unknown-linux-gnu
Configured with: /build/gcc/src/gcc-4.9-20141224/configure --prefix=/usr --libdir=/usr/lib --libexecdir=/usr/lib --mandir=/usr/share/man --infodir=/usr/share/info --with-bugurl=https://bugs.archlinux.org/ --enable-languages=c,c++,ada,fortran,go,lto,objc,obj-c++ --enable-shared --enable-threads=posix --with-system-zlib --enable-__cxa_atexit --disable-libunwind-exceptions --enable-clocale=gnu --disable-libstdcxx-pch --disable-libssp --enable-gnu-unique-object --enable-linker-build-id --enable-cloog-backend=isl --enable-lto --enable-plugin --enable-install-libiberty --with-linker-hash-style=gnu --disable-multilib --disable-werror --enable-checking=release
Thread model: posix
gcc version 4.9.2 20141224 (prerelease) (GCC) 
configure:2961: $? = 0
configure:2950: gcc -V >&5
gcc: error: unrecognized command line option '-V'
gcc: fatal error: no input files
compilation terminated.
configure:2961: $? = 1
configure:2950: gcc -qversion >&5
gcc: error: unrecognized command line option '-qversion'
gcc: fatal error: no input files
compilation terminated.
configure:2961: $? = 1
configure:2981: checking whether the C compiler works
configure:3003: gcc    conftest.c  >&5
configure:3007: $? = 0
configure:3055: result: yes
configure:3058: checking for C compiler default output file name
configure:3060: result: a.out
configure:3066: checking for suffix of executables
configure:3073: gcc -o conftest    conftest.c  >&5
configure:3077: $? = 0
configure:3099: result: 
configure:3121: checking whether we are cross compiling
configure:3129: gcc -o conftest    conftest.c  >&5
configure:3133: $? = 0
configure:3140: ./conftest
configure:3144: $? = 0
configure:3159: result: no
configure:3164: checking for suffix of object files
configure:3211: result: o
configure:3215: checking whether we are using the GNU C compiler
configure:3243: result: yes
configure:3252: checking whether gcc accepts -g
configure:3313: result: yes
configure:3330: checking for gcc option to accept ISO C89
configure:3406: result: none needed
configure:3430: checking how to run the C preprocessor
configure:3500: result: gcc -E
configure:3520: gcc -E  conftest.c
configure:3520: $? = 0
configure:3534: gcc -E  conftest.c
conftest.c:10:28: fatal error: ac_nonexistent.h: No such file or directory
 #include <ac_nonexistent.h>
                            ^
compilation terminated.
configure:3534: $? = 1
configure: failed program was:
| /* confdefs.h */
| #define PACKAGE_NAME ""
| #define PACKAGE_TARNAME ""
| #define PACKAGE_VERSION ""
| #define PACKAGE_STRING ""
| #define PACKAGE_BUGREPORT ""
| #define PACKAGE_URL ""
| #define UNIX 1
| /* end confdefs.h.  */
| #include <ac_nonexistent.h>
configure:3563: checking for grep that handles long lines and -e
configure:3621: result: /usr/bin/grep
configure:3626: checking for egrep
configure:3688: result: /usr/bin/grep -E
configure:3702: checking for fgrep
configure:3764: result: /usr/bin/grep -F
configure:3768: checking for library containing strerror
configure:3816: result: none required
configure:3827: checking for gawk
configure:3854: result: gawk
configure:3867: checking for strip
configure:3895: result: strip
configure:3906: checking for ANSI C header files
configure:4010: result: yes
configure:4018: checking for sys/wait.h that is POSIX.1 compatible
configure:4051: result: yes
configure:4061: checking --enable-fail-if-missing argument
configure:4070: result: no
configure:4093: checking for recent clang version
configure:4107: result: no
configure:4119: checking for buggy tools...
configure:4126: checking for BeOS
configure:4132: result: no
configure:4136: checking for QNX
configure:4143: result: no
configure:4147: checking for Darwin (Mac OS X)
configure:4362: result: no
configure:4368: checking for AvailabilityMacros.h
configure:4368: result: no
configure:4383: checking --with-local-dir argument
configure:4407: result: Defaulting to /usr/local
configure:4432: checking --with-vim-name argument
configure:4440: result: Defaulting to vim
configure:4445: checking --with-ex-name argument
configure:4453: result: Defaulting to ex
configure:4458: checking --with-view-name argument
configure:4466: result: Defaulting to view
configure:4472: checking --with-global-runtime argument
configure:4483: result: no
configure:4488: checking --with-modified-by argument
configure:4499: result: no
configure:4504: checking if character set is EBCDIC
configure:4523: gcc -c -g -O2  conftest.c >&5
conftest.c: In function 'main':
conftest.c:21:1: error: unknown type name 'make'
 make an error "Character set is not EBCDIC"
 ^
conftest.c:21:9: error: expected '=', ',', ';', 'asm' or '__attribute__' before 'error'
 make an error "Character set is not EBCDIC"
         ^
configure:4523: $? = 1
configure: failed program was:
| /* confdefs.h */
| #define PACKAGE_NAME ""
| #define PACKAGE_TARNAME ""
| #define PACKAGE_VERSION ""
| #define PACKAGE_STRING ""
| #define PACKAGE_BUGREPORT ""
| #define PACKAGE_URL ""
| #define UNIX 1
| #define STDC_HEADERS 1
| #define HAVE_SYS_WAIT_H 1
| /* end confdefs.h.  */
| 
| int
| main ()
| {
|  /* TryCompile function for CharSet.
|    Treat any failure as ASCII for compatibility with existing art.
|    Use compile-time rather than run-time tests for cross-compiler
|    tolerance.  */
| #if '0'!=240
| make an error "Character set is not EBCDIC"
| #endif
|   ;
|   return 0;
| }
configure:4533: result: no
configure:4594: checking --disable-smack argument
configure:4604: result: no
configure:4606: checking for linux/xattr.h
configure:4606: result: yes
configure:4619: checking for attr/xattr.h
configure:4619: result: yes
configure:4629: checking for XATTR_NAME_SMACKEXEC in linux/xattr.h
configure:4640: result: no
configure:4693: checking --disable-selinux argument
configure:4703: result: no
configure:4705: checking for is_selinux_enabled in -lselinux
configure:4739: result: no
configure:4754: checking --with-features argument
configure:4759: result: huge
configure:4790: checking --with-compiledby argument
configure:4798: result: no
configure:4804: checking --disable-xsmp argument
configure:4815: result: no
configure:4817: checking --disable-xsmp-interact argument
configure:4827: result: no
configure:4840: checking --enable-luainterp argument
configure:4849: result: yes
configure:4855: checking --with-lua-prefix argument
configure:4863: result: no
configure:4871: checking LUA_PREFIX environment var
configure:4878: result: not set, default to /usr
configure:4884: checking --with-luajit
configure:4894: result: no
configure:4965: checking for lua
configure:4995: result: /usr/bin/lua
configure:5004: checking Lua version
configure:5011: result: 5.2
configure:5027: checking if lua.h can be found in /usr/include
configure:5030: result: yes
configure:5073: checking if link with -L/usr/lib -llua is sane
configure:5088: gcc -o conftest -g -O2   -L/usr/local/lib conftest.c  -L/usr/lib -llua >&5
configure:5088: $? = 0
configure:5089: result: yes
configure:5176: checking --enable-mzschemeinterp argument
configure:5185: result: no
configure:5522: checking --enable-perlinterp argument
configure:5531: result: no
configure:5719: checking --enable-pythoninterp argument
configure:5728: result: yes
configure:5739: checking for python2
configure:5769: result: /usr/bin/python2
configure:5782: checking Python version
configure:5791: result: 2.7
configure:5794: checking Python is 2.3 or better
configure:5799: result: yep
configure:5802: checking Python's install prefix
configure:5811: result: /usr
configure:5814: checking Python's execution prefix
configure:5823: result: /usr
configure:5845: checking Python's configuration directory
configure:5867: result: /usr/lib/python2.7/config
configure:5935: checking if -pthread should be used
configure:5965: gcc -o conftest -g -O2 -pthread   -L/usr/local/lib conftest.c   >&5
configure:5965: $? = 0
configure:5966: result: yes
configure:5981: checking if compile and link flags for Python are sane
configure:5998: gcc -o conftest -g -O2 -I/usr/include/python2.7 -DPYTHON_HOME='"/usr"' -pthread   -L/usr/local/lib conftest.c   -L/usr/lib/python2.7/config -lpython2.7 -lpthread -ldl -lutil -lm -Xlinker -export-dynamic >&5
configure:5998: $? = 0
configure:5999: result: yes
configure:6039: checking --enable-python3interp argument
configure:6048: result: no
configure:6513: checking if -fPIE can be added for Python
configure:6530: gcc -o conftest -g -O2 -I/usr/include/python2.7 -DPYTHON_HOME='"/usr"' -pthread -fPIE   -L/usr/local/lib conftest.c   -L/usr/lib/python2.7/config -lpython2.7 -lpthread -ldl -lutil -lm -Xlinker -export-dynamic >&5
configure:6530: $? = 0
configure:6531: result: yes
configure:6585: checking --enable-tclinterp argument
configure:6594: result: no
configure:6928: checking --enable-rubyinterp argument
configure:6937: result: no
configure:7086: checking --enable-cscope argument
configure:7095: result: no
configure:7102: checking --enable-workshop argument
configure:7111: result: no
configure:7125: checking --disable-netbeans argument
configure:7135: result: no
configure:7137: checking for socket in -lsocket
configure:7171: result: no
configure:7182: checking for gethostbyname in -lnsl
configure:7216: result: yes
configure:7227: checking whether compiling netbeans integration is possible
configure:7263: gcc -o conftest -g -O2   -L/usr/local/lib conftest.c -lnsl   >&5
configure:7263: $? = 0
configure:7264: result: yes
configure:7285: checking --enable-sniff argument
configure:7294: result: no
configure:7305: checking --enable-multibyte argument
configure:7314: result: no
configure:7321: checking --enable-hangulinput argument
configure:7330: result: no
configure:7333: checking --enable-xim argument
configure:7340: result: defaulting to auto
configure:7345: checking --enable-fontset argument
configure:7354: result: no
configure:7366: checking for xmkmf
configure:7399: result: no
configure:7405: checking for X
configure:7594: result: libraries , headers 
configure:7693: gcc -o conftest -g -O2   -L/usr/local/lib conftest.c -lnsl    -lX11 >&5
configure:7693: $? = 0
configure:7791: checking for gethostbyname
configure:7791: result: yes
configure:7888: checking for connect
configure:7888: result: yes
configure:7937: checking for remove
configure:7937: result: yes
configure:7986: checking for shmat
configure:7986: result: yes
configure:8044: checking for IceConnectionNumber in -lICE
configure:8078: result: yes
configure:8119: checking if X11 header files can be found
configure:8135: gcc -c -g -O2    conftest.c >&5
configure:8135: $? = 0
configure:8136: result: yes
configure:8156: checking for _XdmcpAuthDoIt in -lXdmcp
configure:8190: result: yes
configure:8197: checking for IceOpenConnection in -lICE
configure:8231: result: yes
configure:8239: checking for XpmCreatePixmapFromData in -lXpm
configure:8273: result: yes
configure:8280: checking if X11 header files implicitly declare return values
configure:8299: gcc -c -g -O2   -Werror  conftest.c >&5
configure:8299: $? = 0
configure:8300: result: no
configure:8331: checking size of wchar_t is 2 bytes
configure:8365: result: no
configure:8377: checking --enable-gui argument
configure:8439: result: yes/auto - automatic GUI support
configure:8471: checking whether or not to look for GTK+ 2
configure:8480: result: yes
configure:8489: checking whether or not to look for GNOME
configure:8498: result: no
configure:8506: checking whether or not to look for Motif
configure:8515: result: yes
configure:8523: checking whether or not to look for Athena
configure:8532: result: yes
configure:8540: checking whether or not to look for neXtaw
configure:8549: result: yes
configure:8557: checking whether or not to look for Carbon
configure:8566: result: yes
configure:8614: checking --disable-gtktest argument
configure:8624: result: gtk test enabled
configure:8634: checking for pkg-config
configure:8665: result: /usr/bin/pkg-config
configure:8680: checking for GTK - version >= 2.2.0
configure:8747: gcc -o conftest -g -O2 -pthread -I/usr/include/gtk-2.0 -I/usr/lib/gtk-2.0/include -I/usr/include/pango-1.0 -I/usr/include/atk-1.0 -I/usr/include/cairo -I/usr/include/pixman-1 -I/usr/include/libdrm -I/usr/include/gdk-pixbuf-2.0 -I/usr/include/libpng16 -I/usr/include/pango-1.0 -I/usr/include/glib-2.0 -I/usr/lib/glib-2.0/include -I/usr/include/freetype2 -I/usr/include/libpng16 -I/usr/include/harfbuzz -I/usr/include/freetype2 -I/usr/include/libpng16 -I/usr/include/harfbuzz    -L/usr/local/lib conftest.c -lnsl   -lgtk-x11-2.0 -lgdk-x11-2.0 -lpangocairo-1.0 -latk-1.0 -lcairo -lgdk_pixbuf-2.0 -lgio-2.0 -lpangoft2-1.0 -lpango-1.0 -lgobject-2.0 -lglib-2.0 -lfontconfig -lfreetype  >&5
configure:8747: $? = 0
configure:8747: ./conftest
configure:8747: $? = 0
configure:8762: result: yes; found version 2.24.25
configure:9301: checking for X11/SM/SMlib.h
configure:9301: result: yes
configure:9321: checking for X11/xpm.h
configure:9321: result: yes
configure:9321: checking for X11/Sunkeysym.h
configure:9321: result: yes
configure:9333: checking for XIMText in X11/Xlib.h
configure:9341: result: yes
configure:9354: result: X GUI selected; xim has been enabled
configure:9486: checking for CYGWIN environment
configure:9504: result: no
configure:9524: checking whether toupper is broken
configure:9561: result: no
configure:9569: checking whether __DATE__ and __TIME__ work
configure:9582: gcc -c -g -O2  conftest.c >&5
configure:9582: $? = 0
configure:9583: result: yes
configure:9592: checking whether __attribute__((unused)) is allowed
configure:9605: gcc -c -g -O2  conftest.c >&5
configure:9605: $? = 0
configure:9606: result: yes
configure:9615: checking for elf.h
configure:9615: result: yes
configure:9622: checking for main in -lelf
configure:9650: result: yes
configure:9666: checking for dirent.h that defines DIR
configure:9693: result: yes
configure:9706: checking for library containing opendir
configure:9754: result: none required
configure:9862: checking for stdarg.h
configure:9862: result: yes
configure:9862: checking for stdint.h
configure:9862: result: yes
configure:9862: checking for stdlib.h
configure:9862: result: yes
configure:9862: checking for string.h
configure:9862: result: yes
configure:9862: checking for sys/select.h
configure:9862: result: yes
configure:9862: checking for sys/utsname.h
configure:9862: result: yes
configure:9862: checking for termcap.h
configure:9862: result: yes
configure:9862: checking for fcntl.h
configure:9862: result: yes
configure:9862: checking for sgtty.h
configure:9862: result: yes
configure:9862: checking for sys/ioctl.h
configure:9862: result: yes
configure:9862: checking for sys/time.h
configure:9862: result: yes
configure:9862: checking for sys/types.h
configure:9862: result: yes
configure:9862: checking for termio.h
configure:9862: result: yes
configure:9862: checking for iconv.h
configure:9862: result: yes
configure:9862: checking for inttypes.h
configure:9862: result: yes
configure:9862: checking for langinfo.h
configure:9862: result: yes
configure:9862: checking for math.h
configure:9862: result: yes
configure:9862: checking for unistd.h
configure:9862: result: yes
configure:9862: checking for stropts.h
configure:9862: result: yes
configure:9862: checking for errno.h
configure:9862: result: yes
configure:9862: checking for sys/resource.h
configure:9862: result: yes
configure:9862: checking for sys/systeminfo.h
configure:9862: result: no
configure:9862: checking for locale.h
configure:9862: result: yes
configure:9862: checking for sys/stream.h
configure:9862: result: no
configure:9862: checking for termios.h
configure:9862: result: yes
configure:9862: checking for libc.h
configure:9862: result: no
configure:9862: checking for sys/statfs.h
configure:9862: result: yes
configure:9862: checking for poll.h
configure:9862: result: yes
configure:9862: checking for sys/poll.h
configure:9862: result: yes
configure:9862: checking for pwd.h
configure:9862: result: yes
configure:9862: checking for utime.h
configure:9862: result: yes
configure:9862: checking for sys/param.h
configure:9862: result: yes
configure:9862: checking for libintl.h
configure:9862: result: yes
configure:9862: checking for libgen.h
configure:9862: result: yes
configure:9862: checking for util/debug.h
configure:9862: result: no
configure:9862: checking for util/msg18n.h
configure:9862: result: no
configure:9862: checking for frame.h
configure:9862: result: no
configure:9862: checking for sys/acl.h
configure:9862: result: yes
configure:9862: checking for sys/access.h
configure:9862: result: no
configure:9862: checking for sys/sysinfo.h
configure:9862: result: yes
configure:9862: checking for wchar.h
configure:9862: result: yes
configure:9862: checking for wctype.h
configure:9862: result: yes
configure:9875: checking for sys/ptem.h
configure:9875: result: no
configure:9891: checking for sys/sysctl.h
configure:9891: result: yes
configure:9906: checking for pthread_np.h
configure:9921: gcc -c -g -O2  conftest.c >&5
conftest.c:66:24: fatal error: pthread_np.h: No such file or directory
 #include <pthread_np.h>
                        ^
compilation terminated.
configure:9921: $? = 1
configure: failed program was:
| /* confdefs.h */
| #define PACKAGE_NAME ""
| #define PACKAGE_TARNAME ""
| #define PACKAGE_VERSION ""
| #define PACKAGE_STRING ""
| #define PACKAGE_BUGREPORT ""
| #define PACKAGE_URL ""
| #define UNIX 1
| #define STDC_HEADERS 1
| #define HAVE_SYS_WAIT_H 1
| #define FEAT_HUGE 1
| #define USE_XSMP_INTERACT 1
| #define FEAT_LUA 1
| #define FEAT_PYTHON 1
| #define HAVE_LIBNSL 1
| #define FEAT_NETBEANS_INTG 1
| #define HAVE_X11 1
| #define HAVE_GTK_MULTIHEAD 1
| #define HAVE_X11_SM_SMLIB_H 1
| #define HAVE_X11_XPM_H 1
| #define HAVE_X11_SUNKEYSYM_H 1
| #define FEAT_XIM 1
| #define HAVE_DATE_TIME 1
| #define HAVE_ATTRIBUTE_UNUSED 1
| #define HAVE_LIBELF 1
| #define HAVE_DIRENT_H 1
| #define HAVE_STDARG_H 1
| #define HAVE_STDINT_H 1
| #define HAVE_STDLIB_H 1
| #define HAVE_STRING_H 1
| #define HAVE_SYS_SELECT_H 1
| #define HAVE_SYS_UTSNAME_H 1
| #define HAVE_TERMCAP_H 1
| #define HAVE_FCNTL_H 1
| #define HAVE_SGTTY_H 1
| #define HAVE_SYS_IOCTL_H 1
| #define HAVE_SYS_TIME_H 1
| #define HAVE_SYS_TYPES_H 1
| #define HAVE_TERMIO_H 1
| #define HAVE_ICONV_H 1
| #define HAVE_INTTYPES_H 1
| #define HAVE_LANGINFO_H 1
| #define HAVE_MATH_H 1
| #define HAVE_UNISTD_H 1
| #define HAVE_STROPTS_H 1
| #define HAVE_ERRNO_H 1
| #define HAVE_SYS_RESOURCE_H 1
| #define HAVE_LOCALE_H 1
| #define HAVE_TERMIOS_H 1
| #define HAVE_SYS_STATFS_H 1
| #define HAVE_POLL_H 1
| #define HAVE_SYS_POLL_H 1
| #define HAVE_PWD_H 1
| #define HAVE_UTIME_H 1
| #define HAVE_SYS_PARAM_H 1
| #define HAVE_LIBINTL_H 1
| #define HAVE_LIBGEN_H 1
| #define HAVE_SYS_ACL_H 1
| #define HAVE_SYS_SYSINFO_H 1
| #define HAVE_WCHAR_H 1
| #define HAVE_WCTYPE_H 1
| #define HAVE_SYS_SYSCTL_H 1
| /* end confdefs.h.  */
| 
| #include <pthread.h>
| #include <pthread_np.h>
| int
| main ()
| {
| int i; i = 0;
|   ;
|   return 0;
| }
configure:9927: result: no
configure:9934: checking for strings.h
configure:9934: result: yes
configure:9949: checking if strings.h can be included after string.h
configure:9978: gcc -c -g -O2    conftest.c >&5
configure:9978: $? = 0
configure:9979: result: yes
configure:9992: checking whether gcc needs -traditional
configure:10026: result: no
configure:10033: checking for an ANSI C-conforming const
configure:10106: result: yes
configure:10114: checking for working volatile
configure:10140: result: yes
configure:10148: checking for mode_t
configure:10148: result: yes
configure:10159: checking for off_t
configure:10159: result: yes
configure:10170: checking for pid_t
configure:10170: result: yes
configure:10181: checking for size_t
configure:10181: result: yes
configure:10192: checking for uid_t in sys/types.h
configure:10211: result: yes
configure:10222: checking for uint32_t
configure:10222: result: yes
configure:10237: checking whether time.h and sys/time.h may both be included
configure:10264: result: yes
configure:10272: checking for ino_t
configure:10272: result: yes
configure:10283: checking for dev_t
configure:10283: result: yes
configure:10294: checking whether byte ordering is bigendian
configure:10500: result: no
configure:10519: checking for rlim_t
configure:10522: result: (cached) yes
configure:10555: checking for stack_t
configure:10558: result: (cached) yes
configure:10589: checking whether stack_t has an ss_base field
configure:10610: gcc -c -g -O2  conftest.c >&5
conftest.c: In function 'main':
conftest.c:78:23: error: 'stack_t' has no member named 'ss_base'
 stack_t sigstk; sigstk.ss_base = 0;
                       ^
configure:10610: $? = 1
configure: failed program was:
| /* confdefs.h */
| #define PACKAGE_NAME ""
| #define PACKAGE_TARNAME ""
| #define PACKAGE_VERSION ""
| #define PACKAGE_STRING ""
| #define PACKAGE_BUGREPORT ""
| #define PACKAGE_URL ""
| #define UNIX 1
| #define STDC_HEADERS 1
| #define HAVE_SYS_WAIT_H 1
| #define FEAT_HUGE 1
| #define USE_XSMP_INTERACT 1
| #define FEAT_LUA 1
| #define FEAT_PYTHON 1
| #define HAVE_LIBNSL 1
| #define FEAT_NETBEANS_INTG 1
| #define HAVE_X11 1
| #define HAVE_GTK_MULTIHEAD 1
| #define HAVE_X11_SM_SMLIB_H 1
| #define HAVE_X11_XPM_H 1
| #define HAVE_X11_SUNKEYSYM_H 1
| #define FEAT_XIM 1
| #define HAVE_DATE_TIME 1
| #define HAVE_ATTRIBUTE_UNUSED 1
| #define HAVE_LIBELF 1
| #define HAVE_DIRENT_H 1
| #define HAVE_STDARG_H 1
| #define HAVE_STDINT_H 1
| #define HAVE_STDLIB_H 1
| #define HAVE_STRING_H 1
| #define HAVE_SYS_SELECT_H 1
| #define HAVE_SYS_UTSNAME_H 1
| #define HAVE_TERMCAP_H 1
| #define HAVE_FCNTL_H 1
| #define HAVE_SGTTY_H 1
| #define HAVE_SYS_IOCTL_H 1
| #define HAVE_SYS_TIME_H 1
| #define HAVE_SYS_TYPES_H 1
| #define HAVE_TERMIO_H 1
| #define HAVE_ICONV_H 1
| #define HAVE_INTTYPES_H 1
| #define HAVE_LANGINFO_H 1
| #define HAVE_MATH_H 1
| #define HAVE_UNISTD_H 1
| #define HAVE_STROPTS_H 1
| #define HAVE_ERRNO_H 1
| #define HAVE_SYS_RESOURCE_H 1
| #define HAVE_LOCALE_H 1
| #define HAVE_TERMIOS_H 1
| #define HAVE_SYS_STATFS_H 1
| #define HAVE_POLL_H 1
| #define HAVE_SYS_POLL_H 1
| #define HAVE_PWD_H 1
| #define HAVE_UTIME_H 1
| #define HAVE_SYS_PARAM_H 1
| #define HAVE_LIBINTL_H 1
| #define HAVE_LIBGEN_H 1
| #define HAVE_SYS_ACL_H 1
| #define HAVE_SYS_SYSINFO_H 1
| #define HAVE_WCHAR_H 1
| #define HAVE_WCTYPE_H 1
| #define HAVE_SYS_SYSCTL_H 1
| #define HAVE_STRINGS_H 1
| #define TIME_WITH_SYS_TIME 1
| /* end confdefs.h.  */
| 
| #include <sys/types.h>
| #if STDC_HEADERS
| # include <stdlib.h>
| # include <stddef.h>
| #endif
| #include <signal.h>
| #include "confdefs.h"
| 
| int
| main ()
| {
| stack_t sigstk; sigstk.ss_base = 0;
|   ;
|   return 0;
| }
configure:10615: result: no
configure:10621: checking --with-tlib argument
configure:10656: result: empty: automatic terminal library selection
configure:10664: checking for tgetent in -ltinfo
configure:10699: result: no
configure:10664: checking for tgetent in -lncurses
configure:10699: result: yes
configure:10726: gcc -o conftest -g -O2   -L/usr/local/lib conftest.c -lncurses -lelf -lnsl   >&5
configure:10726: $? = 0
configure:10726: ./conftest
configure:10726: $? = 0
configure:10775: checking whether we talk terminfo
configure:10819: result: yes
configure:10828: checking what tgetent() returns for an unknown terminal
configure:10869: result: zero
configure:10878: checking whether termcap.h contains ospeed
configure:10895: gcc -o conftest -g -O2   -L/usr/local/lib conftest.c -lncurses -lelf -lnsl   >&5
configure:10895: $? = 0
configure:10896: result: yes
configure:10935: checking whether termcap.h contains UP, BC and PC
configure:10952: gcc -o conftest -g -O2   -L/usr/local/lib conftest.c -lncurses -lelf -lnsl   >&5
configure:10952: $? = 0
configure:10953: result: yes
configure:10992: checking whether tputs() uses outfuntype
configure:11009: gcc -c -g -O2  conftest.c >&5
conftest.c: In function 'main':
conftest.c:79:36: error: 'outfuntype' undeclared (first use in this function)
 extern int xx(); tputs("test", 1, (outfuntype)xx)
                                    ^
conftest.c:79:36: note: each undeclared identifier is reported only once for each function it appears in
conftest.c:79:47: error: expected ')' before 'xx'
 extern int xx(); tputs("test", 1, (outfuntype)xx)
                                               ^
configure:11009: $? = 1
configure: failed program was:
| /* confdefs.h */
| #define PACKAGE_NAME ""
| #define PACKAGE_TARNAME ""
| #define PACKAGE_VERSION ""
| #define PACKAGE_STRING ""
| #define PACKAGE_BUGREPORT ""
| #define PACKAGE_URL ""
| #define UNIX 1
| #define STDC_HEADERS 1
| #define HAVE_SYS_WAIT_H 1
| #define FEAT_HUGE 1
| #define USE_XSMP_INTERACT 1
| #define FEAT_LUA 1
| #define FEAT_PYTHON 1
| #define HAVE_LIBNSL 1
| #define FEAT_NETBEANS_INTG 1
| #define HAVE_X11 1
| #define HAVE_GTK_MULTIHEAD 1
| #define HAVE_X11_SM_SMLIB_H 1
| #define HAVE_X11_XPM_H 1
| #define HAVE_X11_SUNKEYSYM_H 1
| #define FEAT_XIM 1
| #define HAVE_DATE_TIME 1
| #define HAVE_ATTRIBUTE_UNUSED 1
| #define HAVE_LIBELF 1
| #define HAVE_DIRENT_H 1
| #define HAVE_STDARG_H 1
| #define HAVE_STDINT_H 1
| #define HAVE_STDLIB_H 1
| #define HAVE_STRING_H 1
| #define HAVE_SYS_SELECT_H 1
| #define HAVE_SYS_UTSNAME_H 1
| #define HAVE_TERMCAP_H 1
| #define HAVE_FCNTL_H 1
| #define HAVE_SGTTY_H 1
| #define HAVE_SYS_IOCTL_H 1
| #define HAVE_SYS_TIME_H 1
| #define HAVE_SYS_TYPES_H 1
| #define HAVE_TERMIO_H 1
| #define HAVE_ICONV_H 1
| #define HAVE_INTTYPES_H 1
| #define HAVE_LANGINFO_H 1
| #define HAVE_MATH_H 1
| #define HAVE_UNISTD_H 1
| #define HAVE_STROPTS_H 1
| #define HAVE_ERRNO_H 1
| #define HAVE_SYS_RESOURCE_H 1
| #define HAVE_LOCALE_H 1
| #define HAVE_TERMIOS_H 1
| #define HAVE_SYS_STATFS_H 1
| #define HAVE_POLL_H 1
| #define HAVE_SYS_POLL_H 1
| #define HAVE_PWD_H 1
| #define HAVE_UTIME_H 1
| #define HAVE_SYS_PARAM_H 1
| #define HAVE_LIBINTL_H 1
| #define HAVE_LIBGEN_H 1
| #define HAVE_SYS_ACL_H 1
| #define HAVE_SYS_SYSINFO_H 1
| #define HAVE_WCHAR_H 1
| #define HAVE_WCTYPE_H 1
| #define HAVE_SYS_SYSCTL_H 1
| #define HAVE_STRINGS_H 1
| #define TIME_WITH_SYS_TIME 1
| #define HAVE_LIBNCURSES 1
| #define TERMINFO 1
| #define TGETENT_ZERO_ERR 0
| #define HAVE_OSPEED 1
| #define HAVE_UP_BC_PC 1
| /* end confdefs.h.  */
| 
| #ifdef HAVE_TERMCAP_H
| # include <termcap.h>
| #endif
| 
| int
| main ()
| {
| extern int xx(); tputs("test", 1, (outfuntype)xx)
|   ;
|   return 0;
| }
configure:11014: result: no
configure:11019: checking whether sys/select.h and sys/time.h may both be included
configure:11035: gcc -c -g -O2  conftest.c >&5
configure:11035: $? = 0
configure:11036: result: yes
configure:11047: checking for /dev/ptc
configure:11055: result: no
configure:11059: checking for SVR4 ptys
configure:11073: gcc -o conftest -g -O2   -L/usr/local/lib conftest.c -lncurses -lelf -lnsl   >&5
configure:11073: $? = 0
configure:11074: result: yes
configure:11088: checking for ptyranges
configure:11124: result: don't know
configure:11129: checking default tty permissions/group
configure:11208: result: world
configure:11226: checking return type of signal handlers
configure:11251: result: void
configure:11268: checking for struct sigcontext
configure:11288: gcc -c -g -O2  conftest.c >&5
configure:11288: $? = 0
configure:11289: result: yes
configure:11299: checking getcwd implementation is broken
configure:11342: result: no
configure:11359: checking for bcmp
configure:11359: result: yes
configure:11359: checking for fchdir
configure:11359: result: yes
configure:11359: checking for fchown
configure:11359: result: yes
configure:11359: checking for fsync
configure:11359: result: yes
configure:11359: checking for getcwd
configure:11359: result: yes
configure:11359: checking for getpseudotty
configure:11359: result: no
configure:11359: checking for getpwent
configure:11359: result: yes
configure:11359: checking for getpwnam
configure:11359: result: yes
configure:11359: checking for getpwuid
configure:11359: result: yes
configure:11359: checking for getrlimit
configure:11359: result: yes
configure:11359: checking for gettimeofday
configure:11359: result: yes
configure:11359: checking for getwd
configure:11359: result: yes
configure:11359: checking for lstat
configure:11359: result: yes
configure:11359: checking for memcmp
configure:11359: result: yes
configure:11359: checking for memset
configure:11359: result: yes
configure:11359: checking for mkdtemp
configure:11359: result: yes
configure:11359: checking for nanosleep
configure:11359: result: yes
configure:11359: checking for opendir
configure:11359: result: yes
configure:11359: checking for putenv
configure:11359: result: yes
configure:11359: checking for qsort
configure:11359: result: yes
configure:11359: checking for readlink
configure:11359: result: yes
configure:11359: checking for select
configure:11359: result: yes
configure:11359: checking for setenv
configure:11359: result: yes
configure:11359: checking for setpgid
configure:11359: result: yes
configure:11359: checking for setsid
configure:11359: result: yes
configure:11359: checking for sigaltstack
configure:11359: result: yes
configure:11359: checking for sigstack
configure:11359: result: yes
configure:11359: checking for sigset
configure:11359: result: yes
configure:11359: checking for sigsetjmp
configure:11359: result: no
configure:11359: checking for sigaction
configure:11359: result: yes
configure:11359: checking for sigvec
configure:11359: result: yes
configure:11359: checking for strcasecmp
configure:11359: result: yes
configure:11359: checking for strerror
configure:11359: result: yes
configure:11359: checking for strftime
configure:11359: result: yes
configure:11359: checking for stricmp
configure:11359: result: no
configure:11359: checking for strncasecmp
configure:11359: result: yes
configure:11359: checking for strnicmp
configure:11359: result: no
configure:11359: checking for strpbrk
configure:11359: result: yes
configure:11359: checking for strtol
configure:11359: result: yes
configure:11359: checking for tgetent
configure:11359: result: yes
configure:11359: checking for towlower
configure:11359: result: yes
configure:11359: checking for towupper
configure:11359: result: yes
configure:11359: checking for iswupper
configure:11359: result: yes
configure:11359: checking for usleep
configure:11359: result: yes
configure:11359: checking for utime
configure:11359: result: yes
configure:11359: checking for utimes
configure:11359: result: yes
configure:11368: checking for _LARGEFILE_SOURCE value needed for large files
configure:11415: result: no
configure:11444: checking for special C compiler options needed for large files
configure:11489: result: no
configure:11495: checking for _FILE_OFFSET_BITS value needed for large files
configure:11552: result: no
configure:11638: checking for st_blksize
configure:11656: gcc -c -g -O2  conftest.c >&5
configure:11656: $? = 0
configure:11657: result: yes
configure:11666: checking whether stat() ignores a trailing slash
configure:11705: result: no
configure:11713: checking for iconv_open()
configure:11732: gcc -o conftest -g -O2   -L/usr/local/lib conftest.c -lncurses -lelf -lnsl   -liconv >&5
/usr/bin/ld: cannot find -liconv
collect2: error: ld returned 1 exit status
configure:11732: $? = 1
configure: failed program was:
| /* confdefs.h */
| #define PACKAGE_NAME ""
| #define PACKAGE_TARNAME ""
| #define PACKAGE_VERSION ""
| #define PACKAGE_STRING ""
| #define PACKAGE_BUGREPORT ""
| #define PACKAGE_URL ""
| #define UNIX 1
| #define STDC_HEADERS 1
| #define HAVE_SYS_WAIT_H 1
| #define FEAT_HUGE 1
| #define USE_XSMP_INTERACT 1
| #define FEAT_LUA 1
| #define FEAT_PYTHON 1
| #define HAVE_LIBNSL 1
| #define FEAT_NETBEANS_INTG 1
| #define HAVE_X11 1
| #define HAVE_GTK_MULTIHEAD 1
| #define HAVE_X11_SM_SMLIB_H 1
| #define HAVE_X11_XPM_H 1
| #define HAVE_X11_SUNKEYSYM_H 1
| #define FEAT_XIM 1
| #define HAVE_DATE_TIME 1
| #define HAVE_ATTRIBUTE_UNUSED 1
| #define HAVE_LIBELF 1
| #define HAVE_DIRENT_H 1
| #define HAVE_STDARG_H 1
| #define HAVE_STDINT_H 1
| #define HAVE_STDLIB_H 1
| #define HAVE_STRING_H 1
| #define HAVE_SYS_SELECT_H 1
| #define HAVE_SYS_UTSNAME_H 1
| #define HAVE_TERMCAP_H 1
| #define HAVE_FCNTL_H 1
| #define HAVE_SGTTY_H 1
| #define HAVE_SYS_IOCTL_H 1
| #define HAVE_SYS_TIME_H 1
| #define HAVE_SYS_TYPES_H 1
| #define HAVE_TERMIO_H 1
| #define HAVE_ICONV_H 1
| #define HAVE_INTTYPES_H 1
| #define HAVE_LANGINFO_H 1
| #define HAVE_MATH_H 1
| #define HAVE_UNISTD_H 1
| #define HAVE_STROPTS_H 1
| #define HAVE_ERRNO_H 1
| #define HAVE_SYS_RESOURCE_H 1
| #define HAVE_LOCALE_H 1
| #define HAVE_TERMIOS_H 1
| #define HAVE_SYS_STATFS_H 1
| #define HAVE_POLL_H 1
| #define HAVE_SYS_POLL_H 1
| #define HAVE_PWD_H 1
| #define HAVE_UTIME_H 1
| #define HAVE_SYS_PARAM_H 1
| #define HAVE_LIBINTL_H 1
| #define HAVE_LIBGEN_H 1
| #define HAVE_SYS_ACL_H 1
| #define HAVE_SYS_SYSINFO_H 1
| #define HAVE_WCHAR_H 1
| #define HAVE_WCTYPE_H 1
| #define HAVE_SYS_SYSCTL_H 1
| #define HAVE_STRINGS_H 1
| #define TIME_WITH_SYS_TIME 1
| #define HAVE_LIBNCURSES 1
| #define TERMINFO 1
| #define TGETENT_ZERO_ERR 0
| #define HAVE_OSPEED 1
| #define HAVE_UP_BC_PC 1
| #define SYS_SELECT_WITH_SYS_TIME 1
| #define HAVE_SVR4_PTYS 1
| #define RETSIGTYPE void
| #define SIGRETURN return
| #define HAVE_SIGCONTEXT 1
| #define HAVE_BCMP 1
| #define HAVE_FCHDIR 1
| #define HAVE_FCHOWN 1
| #define HAVE_FSYNC 1
| #define HAVE_GETCWD 1
| #define HAVE_GETPWENT 1
| #define HAVE_GETPWNAM 1
| #define HAVE_GETPWUID 1
| #define HAVE_GETRLIMIT 1
| #define HAVE_GETTIMEOFDAY 1
| #define HAVE_GETWD 1
| #define HAVE_LSTAT 1
| #define HAVE_MEMCMP 1
| #define HAVE_MEMSET 1
| #define HAVE_MKDTEMP 1
| #define HAVE_NANOSLEEP 1
| #define HAVE_OPENDIR 1
| #define HAVE_PUTENV 1
| #define HAVE_QSORT 1
| #define HAVE_READLINK 1
| #define HAVE_SELECT 1
| #define HAVE_SETENV 1
| #define HAVE_SETPGID 1
| #define HAVE_SETSID 1
| #define HAVE_SIGALTSTACK 1
| #define HAVE_SIGSTACK 1
| #define HAVE_SIGSET 1
| #define HAVE_SIGACTION 1
| #define HAVE_SIGVEC 1
| #define HAVE_STRCASECMP 1
| #define HAVE_STRERROR 1
| #define HAVE_STRFTIME 1
| #define HAVE_STRNCASECMP 1
| #define HAVE_STRPBRK 1
| #define HAVE_STRTOL 1
| #define HAVE_TGETENT 1
| #define HAVE_TOWLOWER 1
| #define HAVE_TOWUPPER 1
| #define HAVE_ISWUPPER 1
| #define HAVE_USLEEP 1
| #define HAVE_UTIME 1
| #define HAVE_UTIMES 1
| #define HAVE_FSEEKO 1
| #define HAVE_ST_BLKSIZE 1
| /* end confdefs.h.  */
| 
| #ifdef HAVE_ICONV_H
| # include <iconv.h>
| #endif
| 
| int
| main ()
| {
| iconv_open("fr", "to");
|   ;
|   return 0;
| }
configure:11753: gcc -o conftest -g -O2   -L/usr/local/lib conftest.c -lncurses -lelf -lnsl   >&5
configure:11753: $? = 0
configure:11754: result: yes
configure:11768: checking for nl_langinfo(CODESET)
configure:11785: gcc -o conftest -g -O2   -L/usr/local/lib conftest.c -lncurses -lelf -lnsl   >&5
configure:11785: $? = 0
configure:11786: result: yes
configure:11796: checking for strtod in -lm
configure:11830: result: yes
configure:11841: checking for strtod() and other floating point functions
configure:11873: gcc -o conftest -g -O2   -L/usr/local/lib conftest.c -lm -lncurses -lelf -lnsl   >&5
configure:11873: $? = 0
configure:11874: result: yes
configure:11884: checking --disable-acl argument
configure:11894: result: no
configure:11896: checking for acl_get_file in -lposix1e
configure:11930: result: no
configure:11935: checking for acl_get_file in -lacl
configure:11969: result: yes
configure:11973: checking for fgetxattr in -lattr
configure:12007: result: yes
configure:12018: checking for POSIX ACL support
configure:12038: gcc -o conftest -g -O2   -L/usr/local/lib conftest.c -lm -lncurses -lelf -lnsl   -lacl -lattr >&5
configure:12038: $? = 0
configure:12039: result: yes
configure:12049: checking for acl_get in -lsec
configure:12083: result: no
configure:12089: checking for Solaris ACL support
configure:12106: gcc -o conftest -g -O2   -L/usr/local/lib conftest.c -lm -lncurses -lelf -lnsl   -lacl -lattr >&5
conftest.c: In function 'main':
conftest.c:132:12: error: 'GETACLCNT' undeclared (first use in this function)
 acl("foo", GETACLCNT, 0, NULL);
            ^
conftest.c:132:12: note: each undeclared identifier is reported only once for each function it appears in
conftest.c:132:26: error: 'NULL' undeclared (first use in this function)
 acl("foo", GETACLCNT, 0, NULL);
                          ^
configure:12106: $? = 1
configure: failed program was:
| /* confdefs.h */
| #define PACKAGE_NAME ""
| #define PACKAGE_TARNAME ""
| #define PACKAGE_VERSION ""
| #define PACKAGE_STRING ""
| #define PACKAGE_BUGREPORT ""
| #define PACKAGE_URL ""
| #define UNIX 1
| #define STDC_HEADERS 1
| #define HAVE_SYS_WAIT_H 1
| #define FEAT_HUGE 1
| #define USE_XSMP_INTERACT 1
| #define FEAT_LUA 1
| #define FEAT_PYTHON 1
| #define HAVE_LIBNSL 1
| #define FEAT_NETBEANS_INTG 1
| #define HAVE_X11 1
| #define HAVE_GTK_MULTIHEAD 1
| #define HAVE_X11_SM_SMLIB_H 1
| #define HAVE_X11_XPM_H 1
| #define HAVE_X11_SUNKEYSYM_H 1
| #define FEAT_XIM 1
| #define HAVE_DATE_TIME 1
| #define HAVE_ATTRIBUTE_UNUSED 1
| #define HAVE_LIBELF 1
| #define HAVE_DIRENT_H 1
| #define HAVE_STDARG_H 1
| #define HAVE_STDINT_H 1
| #define HAVE_STDLIB_H 1
| #define HAVE_STRING_H 1
| #define HAVE_SYS_SELECT_H 1
| #define HAVE_SYS_UTSNAME_H 1
| #define HAVE_TERMCAP_H 1
| #define HAVE_FCNTL_H 1
| #define HAVE_SGTTY_H 1
| #define HAVE_SYS_IOCTL_H 1
| #define HAVE_SYS_TIME_H 1
| #define HAVE_SYS_TYPES_H 1
| #define HAVE_TERMIO_H 1
| #define HAVE_ICONV_H 1
| #define HAVE_INTTYPES_H 1
| #define HAVE_LANGINFO_H 1
| #define HAVE_MATH_H 1
| #define HAVE_UNISTD_H 1
| #define HAVE_STROPTS_H 1
| #define HAVE_ERRNO_H 1
| #define HAVE_SYS_RESOURCE_H 1
| #define HAVE_LOCALE_H 1
| #define HAVE_TERMIOS_H 1
| #define HAVE_SYS_STATFS_H 1
| #define HAVE_POLL_H 1
| #define HAVE_SYS_POLL_H 1
| #define HAVE_PWD_H 1
| #define HAVE_UTIME_H 1
| #define HAVE_SYS_PARAM_H 1
| #define HAVE_LIBINTL_H 1
| #define HAVE_LIBGEN_H 1
| #define HAVE_SYS_ACL_H 1
| #define HAVE_SYS_SYSINFO_H 1
| #define HAVE_WCHAR_H 1
| #define HAVE_WCTYPE_H 1
| #define HAVE_SYS_SYSCTL_H 1
| #define HAVE_STRINGS_H 1
| #define TIME_WITH_SYS_TIME 1
| #define HAVE_LIBNCURSES 1
| #define TERMINFO 1
| #define TGETENT_ZERO_ERR 0
| #define HAVE_OSPEED 1
| #define HAVE_UP_BC_PC 1
| #define SYS_SELECT_WITH_SYS_TIME 1
| #define HAVE_SVR4_PTYS 1
| #define RETSIGTYPE void
| #define SIGRETURN return
| #define HAVE_SIGCONTEXT 1
| #define HAVE_BCMP 1
| #define HAVE_FCHDIR 1
| #define HAVE_FCHOWN 1
| #define HAVE_FSYNC 1
| #define HAVE_GETCWD 1
| #define HAVE_GETPWENT 1
| #define HAVE_GETPWNAM 1
| #define HAVE_GETPWUID 1
| #define HAVE_GETRLIMIT 1
| #define HAVE_GETTIMEOFDAY 1
| #define HAVE_GETWD 1
| #define HAVE_LSTAT 1
| #define HAVE_MEMCMP 1
| #define HAVE_MEMSET 1
| #define HAVE_MKDTEMP 1
| #define HAVE_NANOSLEEP 1
| #define HAVE_OPENDIR 1
| #define HAVE_PUTENV 1
| #define HAVE_QSORT 1
| #define HAVE_READLINK 1
| #define HAVE_SELECT 1
| #define HAVE_SETENV 1
| #define HAVE_SETPGID 1
| #define HAVE_SETSID 1
| #define HAVE_SIGALTSTACK 1
| #define HAVE_SIGSTACK 1
| #define HAVE_SIGSET 1
| #define HAVE_SIGACTION 1
| #define HAVE_SIGVEC 1
| #define HAVE_STRCASECMP 1
| #define HAVE_STRERROR 1
| #define HAVE_STRFTIME 1
| #define HAVE_STRNCASECMP 1
| #define HAVE_STRPBRK 1
| #define HAVE_STRTOL 1
| #define HAVE_TGETENT 1
| #define HAVE_TOWLOWER 1
| #define HAVE_TOWUPPER 1
| #define HAVE_ISWUPPER 1
| #define HAVE_USLEEP 1
| #define HAVE_UTIME 1
| #define HAVE_UTIMES 1
| #define HAVE_FSEEKO 1
| #define HAVE_ST_BLKSIZE 1
| #define HAVE_ICONV 1
| #define HAVE_NL_LANGINFO_CODESET 1
| #define HAVE_LIBM 1
| #define HAVE_FLOAT_FUNCS 1
| #define HAVE_POSIX_ACL 1
| /* end confdefs.h.  */
| 
| #ifdef HAVE_SYS_ACL_H
| # include <sys/acl.h>
| #endif
| int
| main ()
| {
| acl("foo", GETACLCNT, 0, NULL);
| 
|   ;
|   return 0;
| }
configure:12111: result: no
configure:12119: checking for AIX ACL support
configure:12151: gcc -o conftest -g -O2   -L/usr/local/lib conftest.c -lm -lncurses -lelf -lnsl   -lacl -lattr >&5
conftest.c: In function 'main':
conftest.c:145:18: error: invalid application of 'sizeof' to incomplete type 'struct acl'
 aclsize = sizeof(struct acl);
                  ^
conftest.c:147:17: error: 'STX_NORMAL' undeclared (first use in this function)
  statacl("foo", STX_NORMAL, aclent, aclsize);
                 ^
conftest.c:147:17: note: each undeclared identifier is reported only once for each function it appears in
configure:12151: $? = 1
configure: failed program was:
| /* confdefs.h */
| #define PACKAGE_NAME ""
| #define PACKAGE_TARNAME ""
| #define PACKAGE_VERSION ""
| #define PACKAGE_STRING ""
| #define PACKAGE_BUGREPORT ""
| #define PACKAGE_URL ""
| #define UNIX 1
| #define STDC_HEADERS 1
| #define HAVE_SYS_WAIT_H 1
| #define FEAT_HUGE 1
| #define USE_XSMP_INTERACT 1
| #define FEAT_LUA 1
| #define FEAT_PYTHON 1
| #define HAVE_LIBNSL 1
| #define FEAT_NETBEANS_INTG 1
| #define HAVE_X11 1
| #define HAVE_GTK_MULTIHEAD 1
| #define HAVE_X11_SM_SMLIB_H 1
| #define HAVE_X11_XPM_H 1
| #define HAVE_X11_SUNKEYSYM_H 1
| #define FEAT_XIM 1
| #define HAVE_DATE_TIME 1
| #define HAVE_ATTRIBUTE_UNUSED 1
| #define HAVE_LIBELF 1
| #define HAVE_DIRENT_H 1
| #define HAVE_STDARG_H 1
| #define HAVE_STDINT_H 1
| #define HAVE_STDLIB_H 1
| #define HAVE_STRING_H 1
| #define HAVE_SYS_SELECT_H 1
| #define HAVE_SYS_UTSNAME_H 1
| #define HAVE_TERMCAP_H 1
| #define HAVE_FCNTL_H 1
| #define HAVE_SGTTY_H 1
| #define HAVE_SYS_IOCTL_H 1
| #define HAVE_SYS_TIME_H 1
| #define HAVE_SYS_TYPES_H 1
| #define HAVE_TERMIO_H 1
| #define HAVE_ICONV_H 1
| #define HAVE_INTTYPES_H 1
| #define HAVE_LANGINFO_H 1
| #define HAVE_MATH_H 1
| #define HAVE_UNISTD_H 1
| #define HAVE_STROPTS_H 1
| #define HAVE_ERRNO_H 1
| #define HAVE_SYS_RESOURCE_H 1
| #define HAVE_LOCALE_H 1
| #define HAVE_TERMIOS_H 1
| #define HAVE_SYS_STATFS_H 1
| #define HAVE_POLL_H 1
| #define HAVE_SYS_POLL_H 1
| #define HAVE_PWD_H 1
| #define HAVE_UTIME_H 1
| #define HAVE_SYS_PARAM_H 1
| #define HAVE_LIBINTL_H 1
| #define HAVE_LIBGEN_H 1
| #define HAVE_SYS_ACL_H 1
| #define HAVE_SYS_SYSINFO_H 1
| #define HAVE_WCHAR_H 1
| #define HAVE_WCTYPE_H 1
| #define HAVE_SYS_SYSCTL_H 1
| #define HAVE_STRINGS_H 1
| #define TIME_WITH_SYS_TIME 1
| #define HAVE_LIBNCURSES 1
| #define TERMINFO 1
| #define TGETENT_ZERO_ERR 0
| #define HAVE_OSPEED 1
| #define HAVE_UP_BC_PC 1
| #define SYS_SELECT_WITH_SYS_TIME 1
| #define HAVE_SVR4_PTYS 1
| #define RETSIGTYPE void
| #define SIGRETURN return
| #define HAVE_SIGCONTEXT 1
| #define HAVE_BCMP 1
| #define HAVE_FCHDIR 1
| #define HAVE_FCHOWN 1
| #define HAVE_FSYNC 1
| #define HAVE_GETCWD 1
| #define HAVE_GETPWENT 1
| #define HAVE_GETPWNAM 1
| #define HAVE_GETPWUID 1
| #define HAVE_GETRLIMIT 1
| #define HAVE_GETTIMEOFDAY 1
| #define HAVE_GETWD 1
| #define HAVE_LSTAT 1
| #define HAVE_MEMCMP 1
| #define HAVE_MEMSET 1
| #define HAVE_MKDTEMP 1
| #define HAVE_NANOSLEEP 1
| #define HAVE_OPENDIR 1
| #define HAVE_PUTENV 1
| #define HAVE_QSORT 1
| #define HAVE_READLINK 1
| #define HAVE_SELECT 1
| #define HAVE_SETENV 1
| #define HAVE_SETPGID 1
| #define HAVE_SETSID 1
| #define HAVE_SIGALTSTACK 1
| #define HAVE_SIGSTACK 1
| #define HAVE_SIGSET 1
| #define HAVE_SIGACTION 1
| #define HAVE_SIGVEC 1
| #define HAVE_STRCASECMP 1
| #define HAVE_STRERROR 1
| #define HAVE_STRFTIME 1
| #define HAVE_STRNCASECMP 1
| #define HAVE_STRPBRK 1
| #define HAVE_STRTOL 1
| #define HAVE_TGETENT 1
| #define HAVE_TOWLOWER 1
| #define HAVE_TOWUPPER 1
| #define HAVE_ISWUPPER 1
| #define HAVE_USLEEP 1
| #define HAVE_UTIME 1
| #define HAVE_UTIMES 1
| #define HAVE_FSEEKO 1
| #define HAVE_ST_BLKSIZE 1
| #define HAVE_ICONV 1
| #define HAVE_NL_LANGINFO_CODESET 1
| #define HAVE_LIBM 1
| #define HAVE_FLOAT_FUNCS 1
| #define HAVE_POSIX_ACL 1
| /* end confdefs.h.  */
| 
| #if STDC_HEADERS
| # include <stdlib.h>
| # include <stddef.h>
| #endif
| #ifdef HAVE_SYS_ACL_H
| # include <sys/acl.h>
| #endif
| #ifdef HAVE_SYS_ACCESS_H
| # include <sys/access.h>
| #endif
| #define _ALL_SOURCE
| 
| #include <sys/stat.h>
| 
| int aclsize;
| struct acl *aclent;
| int
| main ()
| {
| aclsize = sizeof(struct acl);
| 	aclent = (void *)malloc(aclsize);
| 	statacl("foo", STX_NORMAL, aclent, aclsize);
| 
|   ;
|   return 0;
| }
configure:12156: result: no
configure:12166: checking --disable-gpm argument
configure:12177: result: no
configure:12179: checking for gpm
configure:12207: result: yes
configure:12219: checking --disable-sysmouse argument
configure:12230: result: no
configure:12232: checking for sysmouse
configure:12263: result: no
configure:12274: checking for FD_CLOEXEC
configure:12289: gcc -c -g -O2  conftest.c >&5
configure:12289: $? = 0
configure:12290: result: yes
configure:12299: checking for rename
configure:12312: gcc -o conftest -g -O2   -L/usr/local/lib conftest.c -lm -lncurses -lelf -lnsl   -lacl -lattr -lgpm >&5
configure:12312: $? = 0
configure:12313: result: yes
configure:12323: checking for sysctl
configure:12344: gcc -c -g -O2  conftest.c >&5
conftest.c: In function 'main':
conftest.c:136:11: error: 'CTL_HW' undeclared (first use in this function)
  mib[0] = CTL_HW;
           ^
conftest.c:136:11: note: each undeclared identifier is reported only once for each function it appears in
conftest.c:137:11: error: 'HW_USERMEM' undeclared (first use in this function)
  mib[1] = HW_USERMEM;
           ^
configure:12344: $? = 1
configure: failed program was:
| /* confdefs.h */
| #define PACKAGE_NAME ""
| #define PACKAGE_TARNAME ""
| #define PACKAGE_VERSION ""
| #define PACKAGE_STRING ""
| #define PACKAGE_BUGREPORT ""
| #define PACKAGE_URL ""
| #define UNIX 1
| #define STDC_HEADERS 1
| #define HAVE_SYS_WAIT_H 1
| #define FEAT_HUGE 1
| #define USE_XSMP_INTERACT 1
| #define FEAT_LUA 1
| #define FEAT_PYTHON 1
| #define HAVE_LIBNSL 1
| #define FEAT_NETBEANS_INTG 1
| #define HAVE_X11 1
| #define HAVE_GTK_MULTIHEAD 1
| #define HAVE_X11_SM_SMLIB_H 1
| #define HAVE_X11_XPM_H 1
| #define HAVE_X11_SUNKEYSYM_H 1
| #define FEAT_XIM 1
| #define HAVE_DATE_TIME 1
| #define HAVE_ATTRIBUTE_UNUSED 1
| #define HAVE_LIBELF 1
| #define HAVE_DIRENT_H 1
| #define HAVE_STDARG_H 1
| #define HAVE_STDINT_H 1
| #define HAVE_STDLIB_H 1
| #define HAVE_STRING_H 1
| #define HAVE_SYS_SELECT_H 1
| #define HAVE_SYS_UTSNAME_H 1
| #define HAVE_TERMCAP_H 1
| #define HAVE_FCNTL_H 1
| #define HAVE_SGTTY_H 1
| #define HAVE_SYS_IOCTL_H 1
| #define HAVE_SYS_TIME_H 1
| #define HAVE_SYS_TYPES_H 1
| #define HAVE_TERMIO_H 1
| #define HAVE_ICONV_H 1
| #define HAVE_INTTYPES_H 1
| #define HAVE_LANGINFO_H 1
| #define HAVE_MATH_H 1
| #define HAVE_UNISTD_H 1
| #define HAVE_STROPTS_H 1
| #define HAVE_ERRNO_H 1
| #define HAVE_SYS_RESOURCE_H 1
| #define HAVE_LOCALE_H 1
| #define HAVE_TERMIOS_H 1
| #define HAVE_SYS_STATFS_H 1
| #define HAVE_POLL_H 1
| #define HAVE_SYS_POLL_H 1
| #define HAVE_PWD_H 1
| #define HAVE_UTIME_H 1
| #define HAVE_SYS_PARAM_H 1
| #define HAVE_LIBINTL_H 1
| #define HAVE_LIBGEN_H 1
| #define HAVE_SYS_ACL_H 1
| #define HAVE_SYS_SYSINFO_H 1
| #define HAVE_WCHAR_H 1
| #define HAVE_WCTYPE_H 1
| #define HAVE_SYS_SYSCTL_H 1
| #define HAVE_STRINGS_H 1
| #define TIME_WITH_SYS_TIME 1
| #define HAVE_LIBNCURSES 1
| #define TERMINFO 1
| #define TGETENT_ZERO_ERR 0
| #define HAVE_OSPEED 1
| #define HAVE_UP_BC_PC 1
| #define SYS_SELECT_WITH_SYS_TIME 1
| #define HAVE_SVR4_PTYS 1
| #define RETSIGTYPE void
| #define SIGRETURN return
| #define HAVE_SIGCONTEXT 1
| #define HAVE_BCMP 1
| #define HAVE_FCHDIR 1
| #define HAVE_FCHOWN 1
| #define HAVE_FSYNC 1
| #define HAVE_GETCWD 1
| #define HAVE_GETPWENT 1
| #define HAVE_GETPWNAM 1
| #define HAVE_GETPWUID 1
| #define HAVE_GETRLIMIT 1
| #define HAVE_GETTIMEOFDAY 1
| #define HAVE_GETWD 1
| #define HAVE_LSTAT 1
| #define HAVE_MEMCMP 1
| #define HAVE_MEMSET 1
| #define HAVE_MKDTEMP 1
| #define HAVE_NANOSLEEP 1
| #define HAVE_OPENDIR 1
| #define HAVE_PUTENV 1
| #define HAVE_QSORT 1
| #define HAVE_READLINK 1
| #define HAVE_SELECT 1
| #define HAVE_SETENV 1
| #define HAVE_SETPGID 1
| #define HAVE_SETSID 1
| #define HAVE_SIGALTSTACK 1
| #define HAVE_SIGSTACK 1
| #define HAVE_SIGSET 1
| #define HAVE_SIGACTION 1
| #define HAVE_SIGVEC 1
| #define HAVE_STRCASECMP 1
| #define HAVE_STRERROR 1
| #define HAVE_STRFTIME 1
| #define HAVE_STRNCASECMP 1
| #define HAVE_STRPBRK 1
| #define HAVE_STRTOL 1
| #define HAVE_TGETENT 1
| #define HAVE_TOWLOWER 1
| #define HAVE_TOWUPPER 1
| #define HAVE_ISWUPPER 1
| #define HAVE_USLEEP 1
| #define HAVE_UTIME 1
| #define HAVE_UTIMES 1
| #define HAVE_FSEEKO 1
| #define HAVE_ST_BLKSIZE 1
| #define HAVE_ICONV 1
| #define HAVE_NL_LANGINFO_CODESET 1
| #define HAVE_LIBM 1
| #define HAVE_FLOAT_FUNCS 1
| #define HAVE_POSIX_ACL 1
| #define HAVE_GPM 1
| #define HAVE_FD_CLOEXEC 1
| #define HAVE_RENAME 1
| /* end confdefs.h.  */
| #include <sys/types.h>
| #include <sys/sysctl.h>
| int
| main ()
| {
| 	int mib[2], r;
| 	size_t len;
| 
| 	mib[0] = CTL_HW;
| 	mib[1] = HW_USERMEM;
| 	len = sizeof(r);
| 	(void)sysctl(mib, 2, &r, &len, (void *)0, (size_t)0);
| 
|   ;
|   return 0;
| }
configure:12349: result: not usable
configure:12354: checking for sysinfo
configure:12373: gcc -c -g -O2  conftest.c >&5
configure:12373: $? = 0
configure:12374: result: yes
configure:12383: checking for sysinfo.mem_unit
configure:12399: gcc -c -g -O2  conftest.c >&5
configure:12399: $? = 0
configure:12400: result: yes
configure:12409: checking for sysconf
configure:12424: gcc -c -g -O2  conftest.c >&5
configure:12424: $? = 0
configure:12425: result: yes
configure:12438: checking size of int
configure:12457: result: 4
configure:12471: checking size of long
configure:12490: result: 8
configure:12504: checking size of time_t
configure:12523: result: 8
configure:12537: checking size of off_t
configure:12556: result: 8
configure:12576: checking uint32_t is 32 bits
configure:12598: gcc -o conftest -g -O2   -L/usr/local/lib conftest.c -lm -lncurses -lelf -lnsl   -lacl -lattr -lgpm >&5
conftest.c: In function 'main':
conftest.c:147:69: warning: incompatible implicit declaration of built-in function 'exit'
   if (sizeof(uint32_t) != 4 || nr1 != 0xffffffffUL || nr2 + 1 != 0) exit(1);
                                                                     ^
configure:12598: $? = 0
configure:12598: ./conftest
configure:12598: $? = 0
configure:12599: result: ok
configure:12632: checking whether memmove handles overlaps
configure:12662: result: yes
configure:12753: checking whether X_LOCALE needed
configure:12766: gcc -c -g -O2    conftest.c >&5
configure:12766: $? = 0
configure:12785: gcc -o conftest -g -O2     -L/usr/local/lib conftest.c -lm -lncurses -lelf -lnsl   -lacl -lattr -lgpm      -lSM -lICE -lXpm -lXt -lX11  -lXdmcp -lSM -lICE >&5
/tmp/ccR74ac5.o: In function `main':
/home/jake/source/vim/src/conftest.c:149: undefined reference to `_Xsetlocale'
collect2: error: ld returned 1 exit status
configure:12785: $? = 1
configure: failed program was:
| /* confdefs.h */
| #define PACKAGE_NAME ""
| #define PACKAGE_TARNAME ""
| #define PACKAGE_VERSION ""
| #define PACKAGE_STRING ""
| #define PACKAGE_BUGREPORT ""
| #define PACKAGE_URL ""
| #define UNIX 1
| #define STDC_HEADERS 1
| #define HAVE_SYS_WAIT_H 1
| #define FEAT_HUGE 1
| #define USE_XSMP_INTERACT 1
| #define FEAT_LUA 1
| #define FEAT_PYTHON 1
| #define HAVE_LIBNSL 1
| #define FEAT_NETBEANS_INTG 1
| #define HAVE_X11 1
| #define HAVE_GTK_MULTIHEAD 1
| #define HAVE_X11_SM_SMLIB_H 1
| #define HAVE_X11_XPM_H 1
| #define HAVE_X11_SUNKEYSYM_H 1
| #define FEAT_XIM 1
| #define HAVE_DATE_TIME 1
| #define HAVE_ATTRIBUTE_UNUSED 1
| #define HAVE_LIBELF 1
| #define HAVE_DIRENT_H 1
| #define HAVE_STDARG_H 1
| #define HAVE_STDINT_H 1
| #define HAVE_STDLIB_H 1
| #define HAVE_STRING_H 1
| #define HAVE_SYS_SELECT_H 1
| #define HAVE_SYS_UTSNAME_H 1
| #define HAVE_TERMCAP_H 1
| #define HAVE_FCNTL_H 1
| #define HAVE_SGTTY_H 1
| #define HAVE_SYS_IOCTL_H 1
| #define HAVE_SYS_TIME_H 1
| #define HAVE_SYS_TYPES_H 1
| #define HAVE_TERMIO_H 1
| #define HAVE_ICONV_H 1
| #define HAVE_INTTYPES_H 1
| #define HAVE_LANGINFO_H 1
| #define HAVE_MATH_H 1
| #define HAVE_UNISTD_H 1
| #define HAVE_STROPTS_H 1
| #define HAVE_ERRNO_H 1
| #define HAVE_SYS_RESOURCE_H 1
| #define HAVE_LOCALE_H 1
| #define HAVE_TERMIOS_H 1
| #define HAVE_SYS_STATFS_H 1
| #define HAVE_POLL_H 1
| #define HAVE_SYS_POLL_H 1
| #define HAVE_PWD_H 1
| #define HAVE_UTIME_H 1
| #define HAVE_SYS_PARAM_H 1
| #define HAVE_LIBINTL_H 1
| #define HAVE_LIBGEN_H 1
| #define HAVE_SYS_ACL_H 1
| #define HAVE_SYS_SYSINFO_H 1
| #define HAVE_WCHAR_H 1
| #define HAVE_WCTYPE_H 1
| #define HAVE_SYS_SYSCTL_H 1
| #define HAVE_STRINGS_H 1
| #define TIME_WITH_SYS_TIME 1
| #define HAVE_LIBNCURSES 1
| #define TERMINFO 1
| #define TGETENT_ZERO_ERR 0
| #define HAVE_OSPEED 1
| #define HAVE_UP_BC_PC 1
| #define SYS_SELECT_WITH_SYS_TIME 1
| #define HAVE_SVR4_PTYS 1
| #define RETSIGTYPE void
| #define SIGRETURN return
| #define HAVE_SIGCONTEXT 1
| #define HAVE_BCMP 1
| #define HAVE_FCHDIR 1
| #define HAVE_FCHOWN 1
| #define HAVE_FSYNC 1
| #define HAVE_GETCWD 1
| #define HAVE_GETPWENT 1
| #define HAVE_GETPWNAM 1
| #define HAVE_GETPWUID 1
| #define HAVE_GETRLIMIT 1
| #define HAVE_GETTIMEOFDAY 1
| #define HAVE_GETWD 1
| #define HAVE_LSTAT 1
| #define HAVE_MEMCMP 1
| #define HAVE_MEMSET 1
| #define HAVE_MKDTEMP 1
| #define HAVE_NANOSLEEP 1
| #define HAVE_OPENDIR 1
| #define HAVE_PUTENV 1
| #define HAVE_QSORT 1
| #define HAVE_READLINK 1
| #define HAVE_SELECT 1
| #define HAVE_SETENV 1
| #define HAVE_SETPGID 1
| #define HAVE_SETSID 1
| #define HAVE_SIGALTSTACK 1
| #define HAVE_SIGSTACK 1
| #define HAVE_SIGSET 1
| #define HAVE_SIGACTION 1
| #define HAVE_SIGVEC 1
| #define HAVE_STRCASECMP 1
| #define HAVE_STRERROR 1
| #define HAVE_STRFTIME 1
| #define HAVE_STRNCASECMP 1
| #define HAVE_STRPBRK 1
| #define HAVE_STRTOL 1
| #define HAVE_TGETENT 1
| #define HAVE_TOWLOWER 1
| #define HAVE_TOWUPPER 1
| #define HAVE_ISWUPPER 1
| #define HAVE_USLEEP 1
| #define HAVE_UTIME 1
| #define HAVE_UTIMES 1
| #define HAVE_FSEEKO 1
| #define HAVE_ST_BLKSIZE 1
| #define HAVE_ICONV 1
| #define HAVE_NL_LANGINFO_CODESET 1
| #define HAVE_LIBM 1
| #define HAVE_FLOAT_FUNCS 1
| #define HAVE_POSIX_ACL 1
| #define HAVE_GPM 1
| #define HAVE_FD_CLOEXEC 1
| #define HAVE_RENAME 1
| #define HAVE_SYSINFO 1
| #define HAVE_SYSINFO_MEM_UNIT 1
| #define HAVE_SYSCONF 1
| #define SIZEOF_INT 4
| #define SIZEOF_LONG 8
| #define SIZEOF_TIME_T 8
| #define SIZEOF_OFF_T 8
| #define VIM_SIZEOF_INT 4
| #define VIM_SIZEOF_LONG 8
| #define USEMEMMOVE 1
| /* end confdefs.h.  */
| 
| /* Override any GCC internal prototype to avoid an error.
|    Use char because int might match the return type of a GCC
|    builtin and then its argument prototype would still apply.  */
| #ifdef __cplusplus
| extern "C"
| #endif
| char _Xsetlocale ();
| int
| main ()
| {
| return _Xsetlocale ();
|   ;
|   return 0;
| }
configure:12791: result: no
configure:12802: checking whether Xutf8SetWMProperties() can be used
configure:12822: gcc -o conftest -g -O2     -L/usr/local/lib conftest.c -lm -lncurses -lelf -lnsl   -lacl -lattr -lgpm      -lSM -lICE -lXpm -lXt -lX11  -lXdmcp -lSM -lICE >&5
configure:12822: $? = 0
configure:12823: result: yes
configure:12838: checking for _xpg4_setrunelocale in -lxpg4
configure:12872: result: no
configure:12879: checking how to create tags
auto/configure: line 12882: ctags: command not found
auto/configure: line 12884: exctags: command not found
auto/configure: line 12886: exuberant-ctags: command not found
auto/configure: line 12890: etags: command not found
auto/configure: line 12891: etags: command not found
auto/configure: line 12892: ctags: command not found
auto/configure: line 12893: ctags: command not found
auto/configure: line 12894: ctags: command not found
auto/configure: line 12895: ctags: command not found
auto/configure: line 12896: ctags: command not found
configure:12899: result: ctags
configure:12902: checking how to run man with a section nr
configure:12906: result: man -s
configure:12913: checking --disable-nls argument
configure:12924: result: no
configure:12934: checking for msgfmt
configure:12961: result: msgfmt
configure:12969: checking for NLS
configure:12987: gcc -o conftest -g -O2   -L/usr/local/lib conftest.c  >&5
configure:12987: $? = 0
configure:12988: result: gettext() works
configure:13028: checking for bind_textdomain_codeset
configure:13028: result: yes
configure:13037: checking for _nl_msg_cat_cntr
configure:13051: gcc -o conftest -g -O2   -L/usr/local/lib conftest.c -lm -lncurses -lelf -lnsl   -lacl -lattr -lgpm >&5
configure:13051: $? = 0
configure:13052: result: yes
configure:13071: checking for dlfcn.h
configure:13071: result: yes
configure:13088: checking for dlopen()
configure:13104: gcc -o conftest -g -O2   -L/usr/local/lib conftest.c -lm -lncurses -lelf -lnsl   -lacl -lattr -lgpm >&5
/tmp/ccolPN8h.o: In function `main':
/home/jake/source/vim/src/conftest.c:150: undefined reference to `dlopen'
collect2: error: ld returned 1 exit status
configure:13104: $? = 1
configure: failed program was:
| /* confdefs.h */
| #define PACKAGE_NAME ""
| #define PACKAGE_TARNAME ""
| #define PACKAGE_VERSION ""
| #define PACKAGE_STRING ""
| #define PACKAGE_BUGREPORT ""
| #define PACKAGE_URL ""
| #define UNIX 1
| #define STDC_HEADERS 1
| #define HAVE_SYS_WAIT_H 1
| #define FEAT_HUGE 1
| #define USE_XSMP_INTERACT 1
| #define FEAT_LUA 1
| #define FEAT_PYTHON 1
| #define HAVE_LIBNSL 1
| #define FEAT_NETBEANS_INTG 1
| #define HAVE_X11 1
| #define HAVE_GTK_MULTIHEAD 1
| #define HAVE_X11_SM_SMLIB_H 1
| #define HAVE_X11_XPM_H 1
| #define HAVE_X11_SUNKEYSYM_H 1
| #define FEAT_XIM 1
| #define HAVE_DATE_TIME 1
| #define HAVE_ATTRIBUTE_UNUSED 1
| #define HAVE_LIBELF 1
| #define HAVE_DIRENT_H 1
| #define HAVE_STDARG_H 1
| #define HAVE_STDINT_H 1
| #define HAVE_STDLIB_H 1
| #define HAVE_STRING_H 1
| #define HAVE_SYS_SELECT_H 1
| #define HAVE_SYS_UTSNAME_H 1
| #define HAVE_TERMCAP_H 1
| #define HAVE_FCNTL_H 1
| #define HAVE_SGTTY_H 1
| #define HAVE_SYS_IOCTL_H 1
| #define HAVE_SYS_TIME_H 1
| #define HAVE_SYS_TYPES_H 1
| #define HAVE_TERMIO_H 1
| #define HAVE_ICONV_H 1
| #define HAVE_INTTYPES_H 1
| #define HAVE_LANGINFO_H 1
| #define HAVE_MATH_H 1
| #define HAVE_UNISTD_H 1
| #define HAVE_STROPTS_H 1
| #define HAVE_ERRNO_H 1
| #define HAVE_SYS_RESOURCE_H 1
| #define HAVE_LOCALE_H 1
| #define HAVE_TERMIOS_H 1
| #define HAVE_SYS_STATFS_H 1
| #define HAVE_POLL_H 1
| #define HAVE_SYS_POLL_H 1
| #define HAVE_PWD_H 1
| #define HAVE_UTIME_H 1
| #define HAVE_SYS_PARAM_H 1
| #define HAVE_LIBINTL_H 1
| #define HAVE_LIBGEN_H 1
| #define HAVE_SYS_ACL_H 1
| #define HAVE_SYS_SYSINFO_H 1
| #define HAVE_WCHAR_H 1
| #define HAVE_WCTYPE_H 1
| #define HAVE_SYS_SYSCTL_H 1
| #define HAVE_STRINGS_H 1
| #define TIME_WITH_SYS_TIME 1
| #define HAVE_LIBNCURSES 1
| #define TERMINFO 1
| #define TGETENT_ZERO_ERR 0
| #define HAVE_OSPEED 1
| #define HAVE_UP_BC_PC 1
| #define SYS_SELECT_WITH_SYS_TIME 1
| #define HAVE_SVR4_PTYS 1
| #define RETSIGTYPE void
| #define SIGRETURN return
| #define HAVE_SIGCONTEXT 1
| #define HAVE_BCMP 1
| #define HAVE_FCHDIR 1
| #define HAVE_FCHOWN 1
| #define HAVE_FSYNC 1
| #define HAVE_GETCWD 1
| #define HAVE_GETPWENT 1
| #define HAVE_GETPWNAM 1
| #define HAVE_GETPWUID 1
| #define HAVE_GETRLIMIT 1
| #define HAVE_GETTIMEOFDAY 1
| #define HAVE_GETWD 1
| #define HAVE_LSTAT 1
| #define HAVE_MEMCMP 1
| #define HAVE_MEMSET 1
| #define HAVE_MKDTEMP 1
| #define HAVE_NANOSLEEP 1
| #define HAVE_OPENDIR 1
| #define HAVE_PUTENV 1
| #define HAVE_QSORT 1
| #define HAVE_READLINK 1
| #define HAVE_SELECT 1
| #define HAVE_SETENV 1
| #define HAVE_SETPGID 1
| #define HAVE_SETSID 1
| #define HAVE_SIGALTSTACK 1
| #define HAVE_SIGSTACK 1
| #define HAVE_SIGSET 1
| #define HAVE_SIGACTION 1
| #define HAVE_SIGVEC 1
| #define HAVE_STRCASECMP 1
| #define HAVE_STRERROR 1
| #define HAVE_STRFTIME 1
| #define HAVE_STRNCASECMP 1
| #define HAVE_STRPBRK 1
| #define HAVE_STRTOL 1
| #define HAVE_TGETENT 1
| #define HAVE_TOWLOWER 1
| #define HAVE_TOWUPPER 1
| #define HAVE_ISWUPPER 1
| #define HAVE_USLEEP 1
| #define HAVE_UTIME 1
| #define HAVE_UTIMES 1
| #define HAVE_FSEEKO 1
| #define HAVE_ST_BLKSIZE 1
| #define HAVE_ICONV 1
| #define HAVE_NL_LANGINFO_CODESET 1
| #define HAVE_LIBM 1
| #define HAVE_FLOAT_FUNCS 1
| #define HAVE_POSIX_ACL 1
| #define HAVE_GPM 1
| #define HAVE_FD_CLOEXEC 1
| #define HAVE_RENAME 1
| #define HAVE_SYSINFO 1
| #define HAVE_SYSINFO_MEM_UNIT 1
| #define HAVE_SYSCONF 1
| #define SIZEOF_INT 4
| #define SIZEOF_LONG 8
| #define SIZEOF_TIME_T 8
| #define SIZEOF_OFF_T 8
| #define VIM_SIZEOF_INT 4
| #define VIM_SIZEOF_LONG 8
| #define USEMEMMOVE 1
| #define HAVE_XUTF8SETWMPROPERTIES 1
| #define USEMAN_S 1
| #define HAVE_GETTEXT 1
| #define HAVE_BIND_TEXTDOMAIN_CODESET 1
| #define HAVE_NL_MSG_CAT_CNTR 1
| #define HAVE_DLFCN_H 1
| /* end confdefs.h.  */
| 
| int
| main ()
| {
| 
| 		extern void* dlopen();
| 		dlopen();
| 
|   ;
|   return 0;
| }
configure:13111: result: no
configure:13113: checking for dlopen() in -ldl
configure:13131: gcc -o conftest -g -O2   -L/usr/local/lib conftest.c -lm -lncurses -lelf -lnsl   -lacl -lattr -lgpm -ldl >&5
configure:13131: $? = 0
configure:13132: result: yes
configure:13147: checking for dlsym()
configure:13163: gcc -o conftest -g -O2   -L/usr/local/lib conftest.c -lm -lncurses -lelf -lnsl   -lacl -lattr -lgpm -ldl >&5
configure:13163: $? = 0
configure:13164: result: yes
configure:13272: checking for setjmp.h
configure:13272: result: yes
configure:13312: checking for GCC 3 or later
configure:13317: result: yes
configure:13323: checking whether we need -D_FORTIFY_SOURCE=1
configure:13327: result: yes
configure:13336: checking linker --as-needed support
configure:13345: result: yes
configure:13475: creating auto/config.status

## ---------------------- ##
## Running config.status. ##
## ---------------------- ##

This file was extended by config.status, which was
generated by GNU Autoconf 2.69.  Invocation command line was

  CONFIG_FILES    = 
  CONFIG_HEADERS  = 
  CONFIG_LINKS    = 
  CONFIG_COMMANDS = 
  $ auto/config.status 

on localhost

config.status:1036: creating auto/config.mk
config.status:1036: creating auto/config.h

## ---------------- ##
## Cache variables. ##
## ---------------- ##

ac_cv_c_bigendian=no
ac_cv_c_compiler_gnu=yes
ac_cv_c_const=yes
ac_cv_c_uint32_t=yes
ac_cv_c_volatile=yes
ac_cv_env_CC_set=
ac_cv_env_CC_value=
ac_cv_env_CFLAGS_set=
ac_cv_env_CFLAGS_value=
ac_cv_env_CPPFLAGS_set=
ac_cv_env_CPPFLAGS_value=
ac_cv_env_CPP_set=
ac_cv_env_CPP_value=
ac_cv_env_LDFLAGS_set=
ac_cv_env_LDFLAGS_value=
ac_cv_env_LIBS_set=
ac_cv_env_LIBS_value=
ac_cv_env_XMKMF_set=
ac_cv_env_XMKMF_value=
ac_cv_env_build_alias_set=
ac_cv_env_build_alias_value=
ac_cv_env_host_alias_set=
ac_cv_env_host_alias_value=
ac_cv_env_target_alias_set=
ac_cv_env_target_alias_value=
ac_cv_func_bcmp=yes
ac_cv_func_bind_textdomain_codeset=yes
ac_cv_func_connect=yes
ac_cv_func_fchdir=yes
ac_cv_func_fchown=yes
ac_cv_func_fsync=yes
ac_cv_func_getcwd=yes
ac_cv_func_gethostbyname=yes
ac_cv_func_getpseudotty=no
ac_cv_func_getpwent=yes
ac_cv_func_getpwnam=yes
ac_cv_func_getpwuid=yes
ac_cv_func_getrlimit=yes
ac_cv_func_gettimeofday=yes
ac_cv_func_getwd=yes
ac_cv_func_iswupper=yes
ac_cv_func_lstat=yes
ac_cv_func_memcmp=yes
ac_cv_func_memset=yes
ac_cv_func_mkdtemp=yes
ac_cv_func_nanosleep=yes
ac_cv_func_opendir=yes
ac_cv_func_putenv=yes
ac_cv_func_qsort=yes
ac_cv_func_readlink=yes
ac_cv_func_remove=yes
ac_cv_func_select=yes
ac_cv_func_setenv=yes
ac_cv_func_setpgid=yes
ac_cv_func_setsid=yes
ac_cv_func_shmat=yes
ac_cv_func_sigaction=yes
ac_cv_func_sigaltstack=yes
ac_cv_func_sigset=yes
ac_cv_func_sigsetjmp=no
ac_cv_func_sigstack=yes
ac_cv_func_sigvec=yes
ac_cv_func_strcasecmp=yes
ac_cv_func_strerror=yes
ac_cv_func_strftime=yes
ac_cv_func_stricmp=no
ac_cv_func_strncasecmp=yes
ac_cv_func_strnicmp=no
ac_cv_func_strpbrk=yes
ac_cv_func_strtol=yes
ac_cv_func_tgetent=yes
ac_cv_func_towlower=yes
ac_cv_func_towupper=yes
ac_cv_func_usleep=yes
ac_cv_func_utime=yes
ac_cv_func_utimes=yes
ac_cv_have_x='have_x=yes	ac_x_includes='\'''\''	ac_x_libraries='\'''\'''
ac_cv_header_AvailabilityMacros_h=no
ac_cv_header_X11_SM_SMlib_h=yes
ac_cv_header_X11_Sunkeysym_h=yes
ac_cv_header_X11_xpm_h=yes
ac_cv_header_attr_xattr_h=yes
ac_cv_header_dirent_dirent_h=yes
ac_cv_header_dlfcn_h=yes
ac_cv_header_elf_h=yes
ac_cv_header_errno_h=yes
ac_cv_header_fcntl_h=yes
ac_cv_header_frame_h=no
ac_cv_header_iconv_h=yes
ac_cv_header_inttypes_h=yes
ac_cv_header_langinfo_h=yes
ac_cv_header_libc_h=no
ac_cv_header_libgen_h=yes
ac_cv_header_libintl_h=yes
ac_cv_header_linux_xattr_h=yes
ac_cv_header_locale_h=yes
ac_cv_header_math_h=yes
ac_cv_header_poll_h=yes
ac_cv_header_pwd_h=yes
ac_cv_header_setjmp_h=yes
ac_cv_header_sgtty_h=yes
ac_cv_header_stdarg_h=yes
ac_cv_header_stdc=yes
ac_cv_header_stdint_h=yes
ac_cv_header_stdlib_h=yes
ac_cv_header_string_h=yes
ac_cv_header_strings_h=yes
ac_cv_header_stropts_h=yes
ac_cv_header_sys_access_h=no
ac_cv_header_sys_acl_h=yes
ac_cv_header_sys_ioctl_h=yes
ac_cv_header_sys_param_h=yes
ac_cv_header_sys_poll_h=yes
ac_cv_header_sys_ptem_h=no
ac_cv_header_sys_resource_h=yes
ac_cv_header_sys_select_h=yes
ac_cv_header_sys_statfs_h=yes
ac_cv_header_sys_stream_h=no
ac_cv_header_sys_sysctl_h=yes
ac_cv_header_sys_sysinfo_h=yes
ac_cv_header_sys_systeminfo_h=no
ac_cv_header_sys_time_h=yes
ac_cv_header_sys_types_h=yes
ac_cv_header_sys_utsname_h=yes
ac_cv_header_sys_wait_h=yes
ac_cv_header_termcap_h=yes
ac_cv_header_termio_h=yes
ac_cv_header_termios_h=yes
ac_cv_header_time=yes
ac_cv_header_unistd_h=yes
ac_cv_header_util_debug_h=no
ac_cv_header_util_msg18n_h=no
ac_cv_header_utime_h=yes
ac_cv_header_wchar_h=yes
ac_cv_header_wctype_h=yes
ac_cv_lib_ICE_IceConnectionNumber=yes
ac_cv_lib_ICE_IceOpenConnection=yes
ac_cv_lib_Xdmcp__XdmcpAuthDoIt=yes
ac_cv_lib_Xpm_XpmCreatePixmapFromData=yes
ac_cv_lib_acl_acl_get_file=yes
ac_cv_lib_attr_fgetxattr=yes
ac_cv_lib_elf_main=yes
ac_cv_lib_m_strtod=yes
ac_cv_lib_ncurses___tgetent=yes
ac_cv_lib_nsl_gethostbyname=yes
ac_cv_lib_posix1e_acl_get_file=no
ac_cv_lib_sec_acl_get=no
ac_cv_lib_selinux_is_selinux_enabled=no
ac_cv_lib_socket_socket=no
ac_cv_lib_tinfo___tgetent=no
ac_cv_lib_xpg4__xpg4_setrunelocale=no
ac_cv_objext=o
ac_cv_path_EGREP='/usr/bin/grep -E'
ac_cv_path_FGREP='/usr/bin/grep -F'
ac_cv_path_GREP=/usr/bin/grep
ac_cv_path_PKG_CONFIG=/usr/bin/pkg-config
ac_cv_path_vi_cv_path_plain_lua=/usr/bin/lua
ac_cv_path_vi_cv_path_python=/usr/bin/python2
ac_cv_prog_AWK=gawk
ac_cv_prog_CPP='gcc -E'
ac_cv_prog_MSGFMT=msgfmt
ac_cv_prog_STRIP=strip
ac_cv_prog_ac_ct_CC=gcc
ac_cv_prog_cc_c89=
ac_cv_prog_cc_g=yes
ac_cv_prog_gcc_traditional=no
ac_cv_prog_make_make_set=yes
ac_cv_search_opendir='none required'
ac_cv_search_strerror='none required'
ac_cv_sizeof_int=4
ac_cv_sizeof_long=8
ac_cv_sizeof_off_t=8
ac_cv_sizeof_time_t=8
ac_cv_small_wchar_t=no
ac_cv_sys_file_offset_bits=no
ac_cv_sys_largefile_CC=no
ac_cv_sys_largefile_source=no
ac_cv_type_dev_t=yes
ac_cv_type_ino_t=yes
ac_cv_type_mode_t=yes
ac_cv_type_off_t=yes
ac_cv_type_pid_t=yes
ac_cv_type_rlim_t=yes
ac_cv_type_signal=void
ac_cv_type_size_t=yes
ac_cv_type_stack_t=yes
ac_cv_type_uid_t=yes
cf_cv_ebcdic=no
vi_cv_dll_name_python=libpython2.7.so.1.0
vi_cv_have_gpm=yes
vi_cv_have_sysmouse=no
vi_cv_path_lua=/usr/bin/lua
vi_cv_path_lua_pfx=/usr
vi_cv_path_plain_lua=/usr/bin/lua
vi_cv_path_python=/usr/bin/python2
vi_cv_path_python_conf=/usr/lib/python2.7/config
vi_cv_path_python_epfx=/usr
vi_cv_path_python_pfx=/usr
vi_cv_path_python_plibs='-L/usr/lib/python2.7/config -lpython2.7 -lpthread -ldl -lutil -lm -Xlinker -export-dynamic'
vi_cv_path_pythonpath=:/usr/lib/python27.zip:/usr/lib/python2.7:/usr/lib/python2.7/plat-linux2:/usr/lib/python2.7/lib-tk:/usr/lib/python2.7/lib-old:/usr/lib/python2.7/lib-dynload:/usr/lib/python2.7/site-packages:/usr/lib/python2.7/site-packages/gtk-2.0
vi_cv_var_python_version=2.7
vi_cv_version_lua=5.2
vi_cv_version_plain_lua=5.2
vi_cv_with_luajit=no
vim_cv_getcwd_broken=no
vim_cv_memmove_handles_overlap=yes
vim_cv_stat_ignores_slash=no
vim_cv_terminfo=yes
vim_cv_tgent=zero
vim_cv_toupper_broken=no
vim_cv_tty_group=world

## ----------------- ##
## Output variables. ##
## ----------------- ##

AWK='gawk'
CC='gcc'
CFLAGS='-g -O2 -U_FORTIFY_SOURCE -D_FORTIFY_SOURCE=1'
CPP='gcc -E'
CPPFLAGS=''
CPP_MM='M'
DEFS='-DHAVE_CONFIG_H'
DEPEND_CFLAGS_FILTER='| sed '\''s+-I */+-isystem /+g'\'''
ECHO_C=''
ECHO_N='-n'
ECHO_T=''
EGREP='/usr/bin/grep -E'
EXEEXT=''
EXNAME='ex'
FGREP='/usr/bin/grep -F'
GNOME_INCLUDEDIR=''
GNOME_LIBDIR=''
GNOME_LIBS=''
GREP='/usr/bin/grep'
GTK_CFLAGS='-pthread -I/usr/include/gtk-2.0 -I/usr/lib/gtk-2.0/include -I/usr/include/pango-1.0 -I/usr/include/atk-1.0 -I/usr/include/cairo -I/usr/include/pixman-1 -I/usr/include/libdrm -I/usr/include/gdk-pixbuf-2.0 -I/usr/include/libpng16 -I/usr/include/pango-1.0 -I/usr/include/glib-2.0 -I/usr/lib/glib-2.0/include -I/usr/include/freetype2 -I/usr/include/libpng16 -I/usr/include/harfbuzz -I/usr/include/freetype2 -I/usr/include/libpng16 -I/usr/include/harfbuzz '
GTK_LIBNAME='-lgtk-x11-2.0 -lgdk-x11-2.0 -lpangocairo-1.0 -latk-1.0 -lcairo -lgdk_pixbuf-2.0 -lgio-2.0 -lpangoft2-1.0 -lpango-1.0 -lgobject-2.0 -lglib-2.0 -lfontconfig -lfreetype '
GTK_LIBS='-lgtk-x11-2.0 -lgdk-x11-2.0 -lpangocairo-1.0 -latk-1.0 -lcairo -lgdk_pixbuf-2.0 -lgio-2.0 -lpangoft2-1.0 -lpango-1.0 -lgobject-2.0 -lglib-2.0 -lfontconfig -lfreetype '
GUITYPE='GTK'
GUI_INC_LOC='-pthread -I/usr/include/gtk-2.0 -I/usr/lib/gtk-2.0/include -I/usr/include/pango-1.0 -I/usr/include/atk-1.0 -I/usr/include/cairo -I/usr/include/pixman-1 -I/usr/include/libdrm -I/usr/include/gdk-pixbuf-2.0 -I/usr/include/libpng16 -I/usr/include/pango-1.0 -I/usr/include/glib-2.0 -I/usr/lib/glib-2.0/include -I/usr/include/freetype2 -I/usr/include/libpng16 -I/usr/include/harfbuzz -I/usr/include/freetype2 -I/usr/include/libpng16 -I/usr/include/harfbuzz '
GUI_LIB_LOC=''
GUI_X_LIBS=''
HANGULIN_OBJ=''
HANGULIN_SRC=''
INSTALL_LANGS='install-languages'
INSTALL_TOOL_LANGS='install-tool-languages'
LDFLAGS=' -L/usr/local/lib -Wl,--as-needed'
LIBOBJS=''
LIBS='-lm -lncurses -lelf -lnsl   -lacl -lattr -lgpm -ldl'
LINK_AS_NEEDED='yes'
LTLIBOBJS=''
LUA_CFLAGS='-I/usr/include'
LUA_LIBS='-L/usr/lib -llua'
LUA_OBJ='objects/if_lua.o'
LUA_PRO='if_lua.pro'
LUA_SRC='if_lua.c'
MAKEMO='yes'
MOTIF_LIBNAME=''
MSGFMT='msgfmt'
MZSCHEME_CFLAGS=''
MZSCHEME_EXTRA=''
MZSCHEME_LIBS=''
MZSCHEME_MZC=''
MZSCHEME_OBJ=''
MZSCHEME_PRO=''
MZSCHEME_SRC=''
NARROW_PROTO=''
NETBEANS_OBJ='objects/netbeans.o'
NETBEANS_SRC='netbeans.c'
OBJEXT='o'
OS_EXTRA_OBJ=''
OS_EXTRA_SRC=''
PACKAGE_BUGREPORT=''
PACKAGE_NAME=''
PACKAGE_STRING=''
PACKAGE_TARNAME=''
PACKAGE_URL=''
PACKAGE_VERSION=''
PATH_SEPARATOR=':'
PERL_CFLAGS=''
PERL_LIBS=''
PERL_OBJ=''
PERL_PRO=''
PERL_SRC=''
PKG_CONFIG='/usr/bin/pkg-config'
PYTHON3_CFLAGS=''
PYTHON3_CONFDIR=''
PYTHON3_LIBS=''
PYTHON3_OBJ=''
PYTHON3_SRC=''
PYTHON_CFLAGS='-I/usr/include/python2.7 -DPYTHON_HOME='\''"/usr"'\'' -pthread -fPIE'
PYTHON_CONFDIR='/usr/lib/python2.7/config'
PYTHON_GETPATH_CFLAGS='-DPYTHONPATH='\''":/usr/lib/python27.zip:/usr/lib/python2.7:/usr/lib/python2.7/plat-linux2:/usr/lib/python2.7/lib-tk:/usr/lib/python2.7/lib-old:/usr/lib/python2.7/lib-dynload:/usr/lib/python2.7/site-packages:/usr/lib/python2.7/site-packages/gtk-2.0"'\'' -DPREFIX='\''"/usr"'\'' -DEXEC_PREFIX='\''"/usr"'\'''
PYTHON_LIBS='-L/usr/lib/python2.7/config -lpython2.7 -lpthread -ldl -lutil -lm -Xlinker -export-dynamic'
PYTHON_OBJ='objects/if_python.o'
PYTHON_SRC='if_python.c'
QUOTESED='sed -e '\''s/[\\"]/\\&/g'\'' -e '\''s/\\"/"/'\'' -e '\''s/\\";$$/";/'\'''
RUBY_CFLAGS=''
RUBY_LIBS=''
RUBY_OBJ=''
RUBY_PRO=''
RUBY_SRC=''
SET_MAKE=''
SHELL='/bin/sh'
SNIFF_OBJ=''
SNIFF_SRC=''
STRIP='strip'
TAGPRG='ctags'
TCL_CFLAGS=''
TCL_LIBS=''
TCL_OBJ=''
TCL_PRO=''
TCL_SRC=''
VIEWNAME='view'
VIMNAME='vim'
WORKSHOP_OBJ=''
WORKSHOP_SRC=''
XCODE_SELECT=''
XMKMF=''
X_CFLAGS=' '
X_EXTRA_LIBS=' -lXdmcp -lSM -lICE'
X_LIB='-lXt -lX11'
X_LIBS=' '
X_PRE_LIBS=' -lSM -lICE -lXpm'
ac_ct_CC='gcc'
bindir='${exec_prefix}/bin'
build_alias=''
compiledby=''
datadir='${datarootdir}'
datarootdir='${prefix}/share'
docdir='${datarootdir}/doc/${PACKAGE}'
dogvimdiff='installgvimdiff'
dovimdiff='installvimdiff'
dvidir='${docdir}'
exec_prefix='${prefix}'
host_alias=''
htmldir='${docdir}'
includedir='${prefix}/include'
infodir='${datarootdir}/info'
libdir='${exec_prefix}/lib'
libexecdir='${exec_prefix}/libexec'
line_break='"\\012"'
localedir='${datarootdir}/locale'
localstatedir='${prefix}/var'
mandir='${datarootdir}/man'
oldincludedir='/usr/include'
pdfdir='${docdir}'
prefix='/usr/local'
program_transform_name='s,x,x,'
psdir='${docdir}'
sbindir='${exec_prefix}/sbin'
sharedstatedir='${prefix}/com'
shrpenv=''
sysconfdir='${prefix}/etc'
target_alias=''
vi_cv_path_lua='/usr/bin/lua'
vi_cv_path_luajit=''
vi_cv_path_mzscheme=''
vi_cv_path_perl=''
vi_cv_path_plain_lua='/usr/bin/lua'
vi_cv_path_python3=''
vi_cv_path_python='/usr/bin/python2'
vi_cv_path_ruby=''
vi_cv_path_tcl=''
vi_cv_perl_xsubpp=''
vi_cv_perllib=''
xmkmfpath=''

## ----------- ##
## confdefs.h. ##
## ----------- ##

/* confdefs.h */
#define PACKAGE_NAME ""
#define PACKAGE_TARNAME ""
#define PACKAGE_VERSION ""
#define PACKAGE_STRING ""
#define PACKAGE_BUGREPORT ""
#define PACKAGE_URL ""
#define UNIX 1
#define STDC_HEADERS 1
#define HAVE_SYS_WAIT_H 1
#define FEAT_HUGE 1
#define USE_XSMP_INTERACT 1
#define FEAT_LUA 1
#define FEAT_PYTHON 1
#define HAVE_LIBNSL 1
#define FEAT_NETBEANS_INTG 1
#define HAVE_X11 1
#define HAVE_GTK_MULTIHEAD 1
#define HAVE_X11_SM_SMLIB_H 1
#define HAVE_X11_XPM_H 1
#define HAVE_X11_SUNKEYSYM_H 1
#define FEAT_XIM 1
#define HAVE_DATE_TIME 1
#define HAVE_ATTRIBUTE_UNUSED 1
#define HAVE_LIBELF 1
#define HAVE_DIRENT_H 1
#define HAVE_STDARG_H 1
#define HAVE_STDINT_H 1
#define HAVE_STDLIB_H 1
#define HAVE_STRING_H 1
#define HAVE_SYS_SELECT_H 1
#define HAVE_SYS_UTSNAME_H 1
#define HAVE_TERMCAP_H 1
#define HAVE_FCNTL_H 1
#define HAVE_SGTTY_H 1
#define HAVE_SYS_IOCTL_H 1
#define HAVE_SYS_TIME_H 1
#define HAVE_SYS_TYPES_H 1
#define HAVE_TERMIO_H 1
#define HAVE_ICONV_H 1
#define HAVE_INTTYPES_H 1
#define HAVE_LANGINFO_H 1
#define HAVE_MATH_H 1
#define HAVE_UNISTD_H 1
#define HAVE_STROPTS_H 1
#define HAVE_ERRNO_H 1
#define HAVE_SYS_RESOURCE_H 1
#define HAVE_LOCALE_H 1
#define HAVE_TERMIOS_H 1
#define HAVE_SYS_STATFS_H 1
#define HAVE_POLL_H 1
#define HAVE_SYS_POLL_H 1
#define HAVE_PWD_H 1
#define HAVE_UTIME_H 1
#define HAVE_SYS_PARAM_H 1
#define HAVE_LIBINTL_H 1
#define HAVE_LIBGEN_H 1
#define HAVE_SYS_ACL_H 1
#define HAVE_SYS_SYSINFO_H 1
#define HAVE_WCHAR_H 1
#define HAVE_WCTYPE_H 1
#define HAVE_SYS_SYSCTL_H 1
#define HAVE_STRINGS_H 1
#define TIME_WITH_SYS_TIME 1
#define HAVE_LIBNCURSES 1
#define TERMINFO 1
#define TGETENT_ZERO_ERR 0
#define HAVE_OSPEED 1
#define HAVE_UP_BC_PC 1
#define SYS_SELECT_WITH_SYS_TIME 1
#define HAVE_SVR4_PTYS 1
#define RETSIGTYPE void
#define SIGRETURN return
#define HAVE_SIGCONTEXT 1
#define HAVE_BCMP 1
#define HAVE_FCHDIR 1
#define HAVE_FCHOWN 1
#define HAVE_FSYNC 1
#define HAVE_GETCWD 1
#define HAVE_GETPWENT 1
#define HAVE_GETPWNAM 1
#define HAVE_GETPWUID 1
#define HAVE_GETRLIMIT 1
#define HAVE_GETTIMEOFDAY 1
#define HAVE_GETWD 1
#define HAVE_LSTAT 1
#define HAVE_MEMCMP 1
#define HAVE_MEMSET 1
#define HAVE_MKDTEMP 1
#define HAVE_NANOSLEEP 1
#define HAVE_OPENDIR 1
#define HAVE_PUTENV 1
#define HAVE_QSORT 1
#define HAVE_READLINK 1
#define HAVE_SELECT 1
#define HAVE_SETENV 1
#define HAVE_SETPGID 1
#define HAVE_SETSID 1
#define HAVE_SIGALTSTACK 1
#define HAVE_SIGSTACK 1
#define HAVE_SIGSET 1
#define HAVE_SIGACTION 1
#define HAVE_SIGVEC 1
#define HAVE_STRCASECMP 1
#define HAVE_STRERROR 1
#define HAVE_STRFTIME 1
#define HAVE_STRNCASECMP 1
#define HAVE_STRPBRK 1
#define HAVE_STRTOL 1
#define HAVE_TGETENT 1
#define HAVE_TOWLOWER 1
#define HAVE_TOWUPPER 1
#define HAVE_ISWUPPER 1
#define HAVE_USLEEP 1
#define HAVE_UTIME 1
#define HAVE_UTIMES 1
#define HAVE_FSEEKO 1
#define HAVE_ST_BLKSIZE 1
#define HAVE_ICONV 1
#define HAVE_NL_LANGINFO_CODESET 1
#define HAVE_LIBM 1
#define HAVE_FLOAT_FUNCS 1
#define HAVE_POSIX_ACL 1
#define HAVE_GPM 1
#define HAVE_FD_CLOEXEC 1
#define HAVE_RENAME 1
#define HAVE_SYSINFO 1
#define HAVE_SYSINFO_MEM_UNIT 1
#define HAVE_SYSCONF 1
#define SIZEOF_INT 4
#define SIZEOF_LONG 8
#define SIZEOF_TIME_T 8
#define SIZEOF_OFF_T 8
#define VIM_SIZEOF_INT 4
#define VIM_SIZEOF_LONG 8
#define USEMEMMOVE 1
#define HAVE_XUTF8SETWMPROPERTIES 1
#define USEMAN_S 1
#define HAVE_GETTEXT 1
#define HAVE_BIND_TEXTDOMAIN_CODESET 1
#define HAVE_NL_MSG_CAT_CNTR 1
#define HAVE_DLFCN_H 1
#define HAVE_DLOPEN 1
#define HAVE_DLSYM 1
#define HAVE_SETJMP_H 1

configure: exit 0
